{"E:\\personal-projects\\field-booking\\project\\field-booking-backend\\src\\config\\env.js": {"path":"E:\\personal-projects\\field-booking\\project\\field-booking-backend\\src\\config\\env.js","all":false,"statementMap":{"0":{"start":{"line":1,"column":0},"end":{"line":1,"column":27}},"1":{"start":{"line":2,"column":0},"end":{"line":2,"column":15}},"2":{"start":{"line":3,"column":0},"end":{"line":3,"column":0}},"3":{"start":{"line":4,"column":0},"end":{"line":4,"column":43}},"4":{"start":{"line":5,"column":0},"end":{"line":5,"column":39}},"5":{"start":{"line":6,"column":0},"end":{"line":6,"column":47}},"6":{"start":{"line":7,"column":0},"end":{"line":7,"column":41}},"7":{"start":{"line":8,"column":0},"end":{"line":8,"column":41}},"8":{"start":{"line":9,"column":0},"end":{"line":9,"column":41}},"9":{"start":{"line":10,"column":0},"end":{"line":10,"column":37}},"10":{"start":{"line":11,"column":0},"end":{"line":11,"column":53}},"11":{"start":{"line":12,"column":0},"end":{"line":12,"column":61}},"12":{"start":{"line":13,"column":0},"end":{"line":13,"column":59}},"13":{"start":{"line":14,"column":0},"end":{"line":14,"column":55}},"14":{"start":{"line":15,"column":0},"end":{"line":15,"column":57}},"15":{"start":{"line":16,"column":0},"end":{"line":16,"column":67}},"16":{"start":{"line":17,"column":0},"end":{"line":17,"column":69}},"17":{"start":{"line":18,"column":0},"end":{"line":18,"column":59}},"18":{"start":{"line":19,"column":0},"end":{"line":19,"column":73}},"19":{"start":{"line":20,"column":0},"end":{"line":20,"column":69}},"20":{"start":{"line":21,"column":0},"end":{"line":21,"column":45}},"21":{"start":{"line":22,"column":0},"end":{"line":22,"column":0}},"22":{"start":{"line":23,"column":0},"end":{"line":23,"column":8}},"23":{"start":{"line":24,"column":0},"end":{"line":24,"column":15}},"24":{"start":{"line":25,"column":0},"end":{"line":25,"column":12}},"25":{"start":{"line":26,"column":0},"end":{"line":26,"column":16}},"26":{"start":{"line":27,"column":0},"end":{"line":27,"column":13}},"27":{"start":{"line":28,"column":0},"end":{"line":28,"column":13}},"28":{"start":{"line":29,"column":0},"end":{"line":29,"column":13}},"29":{"start":{"line":30,"column":0},"end":{"line":30,"column":11}},"30":{"start":{"line":31,"column":0},"end":{"line":31,"column":19}},"31":{"start":{"line":32,"column":0},"end":{"line":32,"column":23}},"32":{"start":{"line":33,"column":0},"end":{"line":33,"column":22}},"33":{"start":{"line":34,"column":0},"end":{"line":34,"column":20}},"34":{"start":{"line":35,"column":0},"end":{"line":35,"column":21}},"35":{"start":{"line":36,"column":0},"end":{"line":36,"column":26}},"36":{"start":{"line":37,"column":0},"end":{"line":37,"column":27}},"37":{"start":{"line":38,"column":0},"end":{"line":38,"column":22}},"38":{"start":{"line":39,"column":0},"end":{"line":39,"column":29}},"39":{"start":{"line":40,"column":0},"end":{"line":40,"column":27}},"40":{"start":{"line":41,"column":0},"end":{"line":41,"column":14}},"41":{"start":{"line":42,"column":0},"end":{"line":42,"column":1}}},"s":{"0":1,"1":1,"2":1,"3":1,"4":1,"5":1,"6":1,"7":1,"8":1,"9":1,"10":1,"11":1,"12":1,"13":1,"14":1,"15":1,"16":1,"17":1,"18":1,"19":1,"20":1,"21":1,"22":1,"23":1,"24":1,"25":1,"26":1,"27":1,"28":1,"29":1,"30":1,"31":1,"32":1,"33":1,"34":1,"35":1,"36":1,"37":1,"38":1,"39":1,"40":1,"41":1},"branchMap":{"0":{"type":"branch","line":1,"loc":{"start":{"line":1,"column":0},"end":{"line":42,"column":1}},"locations":[{"start":{"line":1,"column":0},"end":{"line":42,"column":1}}]},"1":{"type":"branch","line":1,"loc":{"start":{"line":1,"column":0},"end":{"line":42,"column":1}},"locations":[{"start":{"line":1,"column":0},"end":{"line":42,"column":1}}]}},"b":{"0":[1],"1":[1]},"fnMap":{"0":{"name":"Object.<anonymous>","decl":{"start":{"line":1,"column":0},"end":{"line":42,"column":1}},"loc":{"start":{"line":1,"column":0},"end":{"line":42,"column":1}},"line":1}},"f":{"0":1}}
,"E:\\personal-projects\\field-booking\\project\\field-booking-backend\\src\\config\\expressConfig.js": {"path":"E:\\personal-projects\\field-booking\\project\\field-booking-backend\\src\\config\\expressConfig.js","all":false,"statementMap":{"0":{"start":{"line":1,"column":0},"end":{"line":1,"column":29}},"1":{"start":{"line":2,"column":0},"end":{"line":2,"column":50}},"2":{"start":{"line":3,"column":0},"end":{"line":3,"column":58}},"3":{"start":{"line":4,"column":0},"end":{"line":4,"column":40}},"4":{"start":{"line":5,"column":0},"end":{"line":5,"column":41}},"5":{"start":{"line":6,"column":0},"end":{"line":6,"column":23}},"6":{"start":{"line":7,"column":0},"end":{"line":7,"column":23}},"7":{"start":{"line":8,"column":0},"end":{"line":8,"column":35}},"8":{"start":{"line":9,"column":0},"end":{"line":9,"column":44}},"9":{"start":{"line":10,"column":0},"end":{"line":10,"column":50}},"10":{"start":{"line":11,"column":0},"end":{"line":11,"column":50}},"11":{"start":{"line":12,"column":0},"end":{"line":12,"column":54}},"12":{"start":{"line":13,"column":0},"end":{"line":13,"column":41}},"13":{"start":{"line":14,"column":0},"end":{"line":14,"column":47}},"14":{"start":{"line":15,"column":0},"end":{"line":15,"column":39}},"15":{"start":{"line":16,"column":0},"end":{"line":16,"column":0}},"16":{"start":{"line":17,"column":0},"end":{"line":17,"column":26}},"17":{"start":{"line":18,"column":0},"end":{"line":18,"column":24}},"18":{"start":{"line":19,"column":0},"end":{"line":19,"column":0}},"19":{"start":{"line":20,"column":0},"end":{"line":20,"column":16}},"20":{"start":{"line":21,"column":0},"end":{"line":21,"column":32}},"21":{"start":{"line":22,"column":0},"end":{"line":22,"column":18}},"22":{"start":{"line":23,"column":0},"end":{"line":23,"column":0}},"23":{"start":{"line":24,"column":0},"end":{"line":24,"column":20}},"24":{"start":{"line":25,"column":0},"end":{"line":25,"column":26}},"25":{"start":{"line":26,"column":0},"end":{"line":26,"column":26}},"26":{"start":{"line":27,"column":0},"end":{"line":27,"column":32}},"27":{"start":{"line":28,"column":0},"end":{"line":28,"column":0}},"28":{"start":{"line":29,"column":0},"end":{"line":29,"column":12}},"29":{"start":{"line":30,"column":0},"end":{"line":30,"column":36}},"30":{"start":{"line":31,"column":0},"end":{"line":31,"column":38}},"31":{"start":{"line":32,"column":0},"end":{"line":32,"column":42}},"32":{"start":{"line":33,"column":0},"end":{"line":33,"column":0}},"33":{"start":{"line":34,"column":0},"end":{"line":34,"column":18}},"34":{"start":{"line":35,"column":0},"end":{"line":35,"column":24}},"35":{"start":{"line":36,"column":0},"end":{"line":36,"column":0}},"36":{"start":{"line":37,"column":0},"end":{"line":37,"column":10}},"37":{"start":{"line":38,"column":0},"end":{"line":38,"column":38}},"38":{"start":{"line":39,"column":0},"end":{"line":39,"column":0}},"39":{"start":{"line":40,"column":0},"end":{"line":40,"column":22}},"40":{"start":{"line":41,"column":0},"end":{"line":41,"column":34}},"41":{"start":{"line":42,"column":0},"end":{"line":42,"column":9}},"42":{"start":{"line":43,"column":0},"end":{"line":43,"column":68}},"43":{"start":{"line":44,"column":0},"end":{"line":44,"column":29}},"44":{"start":{"line":45,"column":0},"end":{"line":45,"column":21}},"45":{"start":{"line":46,"column":0},"end":{"line":46,"column":4}},"46":{"start":{"line":47,"column":0},"end":{"line":47,"column":29}},"47":{"start":{"line":48,"column":0},"end":{"line":48,"column":3}},"48":{"start":{"line":49,"column":0},"end":{"line":49,"column":0}},"49":{"start":{"line":50,"column":0},"end":{"line":50,"column":19}},"50":{"start":{"line":51,"column":0},"end":{"line":51,"column":36}},"51":{"start":{"line":52,"column":0},"end":{"line":52,"column":0}},"52":{"start":{"line":53,"column":0},"end":{"line":53,"column":16}},"53":{"start":{"line":54,"column":0},"end":{"line":54,"column":25}},"54":{"start":{"line":55,"column":0},"end":{"line":55,"column":0}},"55":{"start":{"line":56,"column":0},"end":{"line":56,"column":0}},"56":{"start":{"line":57,"column":0},"end":{"line":57,"column":27}},"57":{"start":{"line":58,"column":0},"end":{"line":58,"column":29}},"58":{"start":{"line":59,"column":0},"end":{"line":59,"column":16}},"59":{"start":{"line":60,"column":0},"end":{"line":60,"column":49}},"60":{"start":{"line":61,"column":0},"end":{"line":61,"column":45}},"61":{"start":{"line":62,"column":0},"end":{"line":62,"column":6}},"62":{"start":{"line":63,"column":0},"end":{"line":63,"column":1}},"63":{"start":{"line":64,"column":0},"end":{"line":64,"column":0}},"64":{"start":{"line":65,"column":0},"end":{"line":65,"column":0}},"65":{"start":{"line":66,"column":0},"end":{"line":66,"column":24}}},"s":{"0":1,"1":1,"2":1,"3":1,"4":1,"5":1,"6":1,"7":1,"8":1,"9":1,"10":1,"11":1,"12":1,"13":1,"14":1,"15":1,"16":1,"17":1,"18":1,"19":1,"20":1,"21":1,"22":1,"23":1,"24":1,"25":1,"26":1,"27":1,"28":1,"29":1,"30":1,"31":1,"32":1,"33":1,"34":1,"35":1,"36":1,"37":1,"38":1,"39":1,"40":1,"41":1,"42":1,"43":1,"44":1,"45":1,"46":1,"47":1,"48":1,"49":1,"50":1,"51":1,"52":1,"53":1,"54":1,"55":1,"56":1,"57":1,"58":1,"59":1,"60":1,"61":1,"62":1,"63":1,"64":1,"65":1},"branchMap":{"0":{"type":"branch","line":59,"loc":{"start":{"line":59,"column":3},"end":{"line":61,"column":45}},"locations":[{"start":{"line":59,"column":3},"end":{"line":61,"column":45}}]},"1":{"type":"branch","line":59,"loc":{"start":{"line":59,"column":3},"end":{"line":61,"column":45}},"locations":[{"start":{"line":59,"column":3},"end":{"line":61,"column":45}}]},"2":{"type":"branch","line":59,"loc":{"start":{"line":59,"column":3},"end":{"line":60,"column":49}},"locations":[{"start":{"line":59,"column":3},"end":{"line":60,"column":49}}]},"3":{"type":"branch","line":60,"loc":{"start":{"line":60,"column":30},"end":{"line":61,"column":45}},"locations":[{"start":{"line":60,"column":30},"end":{"line":61,"column":45}}]},"4":{"type":"branch","line":61,"loc":{"start":{"line":61,"column":28},"end":{"line":61,"column":45}},"locations":[{"start":{"line":61,"column":28},"end":{"line":61,"column":45}}]},"5":{"type":"branch","line":61,"loc":{"start":{"line":61,"column":28},"end":{"line":61,"column":45}},"locations":[{"start":{"line":61,"column":28},"end":{"line":61,"column":45}}]}},"b":{"0":[1],"1":[3],"2":[1],"3":[1],"4":[1],"5":[1]},"fnMap":{"0":{"name":"_callee","decl":{"start":{"line":59,"column":3},"end":{"line":61,"column":45}},"loc":{"start":{"line":59,"column":3},"end":{"line":61,"column":45}},"line":59},"1":{"name":"_callee$","decl":{"start":{"line":59,"column":3},"end":{"line":61,"column":45}},"loc":{"start":{"line":59,"column":3},"end":{"line":61,"column":45}},"line":59}},"f":{"0":1,"1":3}}
,"E:\\personal-projects\\field-booking\\project\\field-booking-backend\\src\\config\\googleAuth.js": {"path":"E:\\personal-projects\\field-booking\\project\\field-booking-backend\\src\\config\\googleAuth.js","all":false,"statementMap":{"0":{"start":{"line":1,"column":0},"end":{"line":1,"column":23}},"1":{"start":{"line":2,"column":0},"end":{"line":2,"column":34}},"2":{"start":{"line":3,"column":0},"end":{"line":3,"column":87}},"3":{"start":{"line":4,"column":0},"end":{"line":4,"column":0}},"4":{"start":{"line":5,"column":0},"end":{"line":5,"column":14}},"5":{"start":{"line":6,"column":0},"end":{"line":6,"column":43}},"6":{"start":{"line":7,"column":0},"end":{"line":7,"column":19}},"7":{"start":{"line":8,"column":0},"end":{"line":8,"column":23}},"8":{"start":{"line":9,"column":0},"end":{"line":9,"column":21}},"9":{"start":{"line":10,"column":0},"end":{"line":10,"column":1}},"10":{"start":{"line":11,"column":0},"end":{"line":11,"column":0}},"11":{"start":{"line":12,"column":0},"end":{"line":12,"column":9}},"12":{"start":{"line":13,"column":0},"end":{"line":13,"column":16}},"13":{"start":{"line":14,"column":0},"end":{"line":14,"column":51}},"14":{"start":{"line":15,"column":0},"end":{"line":15,"column":53}},"15":{"start":{"line":16,"column":0},"end":{"line":16,"column":1}},"16":{"start":{"line":17,"column":0},"end":{"line":17,"column":0}},"17":{"start":{"line":18,"column":0},"end":{"line":18,"column":25}},"18":{"start":{"line":19,"column":0},"end":{"line":19,"column":61}},"19":{"start":{"line":20,"column":0},"end":{"line":20,"column":25}},"20":{"start":{"line":21,"column":0},"end":{"line":21,"column":16}},"21":{"start":{"line":22,"column":0},"end":{"line":22,"column":30}},"22":{"start":{"line":23,"column":0},"end":{"line":23,"column":3}},"23":{"start":{"line":24,"column":0},"end":{"line":24,"column":0}},"24":{"start":{"line":25,"column":0},"end":{"line":25,"column":39}}},"s":{"0":1,"1":1,"2":1,"3":1,"4":1,"5":1,"6":1,"7":1,"8":1,"9":1,"10":1,"11":1,"12":1,"13":1,"14":1,"15":1,"16":1,"17":1,"18":1,"19":0,"20":0,"21":0,"22":0,"23":1,"24":1},"branchMap":{},"b":{},"fnMap":{"0":{"name":"authorizationUrl","decl":{"start":{"line":19,"column":25},"end":{"line":23,"column":3}},"loc":{"start":{"line":19,"column":25},"end":{"line":23,"column":3}},"line":19}},"f":{"0":0}}
,"E:\\personal-projects\\field-booking\\project\\field-booking-backend\\src\\config\\midtransSnap.js": {"path":"E:\\personal-projects\\field-booking\\project\\field-booking-backend\\src\\config\\midtransSnap.js","all":false,"statementMap":{"0":{"start":{"line":1,"column":0},"end":{"line":1,"column":44}},"1":{"start":{"line":2,"column":0},"end":{"line":2,"column":47}},"2":{"start":{"line":3,"column":0},"end":{"line":3,"column":0}},"3":{"start":{"line":4,"column":0},"end":{"line":4,"column":36}},"4":{"start":{"line":5,"column":0},"end":{"line":5,"column":23}},"5":{"start":{"line":6,"column":0},"end":{"line":6,"column":33}},"6":{"start":{"line":7,"column":0},"end":{"line":7,"column":3}},"7":{"start":{"line":8,"column":0},"end":{"line":8,"column":0}},"8":{"start":{"line":9,"column":0},"end":{"line":9,"column":41}},"9":{"start":{"line":10,"column":0},"end":{"line":10,"column":44}},"10":{"start":{"line":11,"column":0},"end":{"line":11,"column":26}},"11":{"start":{"line":12,"column":0},"end":{"line":12,"column":47}},"12":{"start":{"line":13,"column":0},"end":{"line":13,"column":29}},"13":{"start":{"line":14,"column":0},"end":{"line":14,"column":6}},"14":{"start":{"line":15,"column":0},"end":{"line":15,"column":1}},"15":{"start":{"line":16,"column":0},"end":{"line":16,"column":0}},"16":{"start":{"line":17,"column":0},"end":{"line":17,"column":31}}},"s":{"0":1,"1":1,"2":1,"3":1,"4":1,"5":1,"6":1,"7":1,"8":1,"9":1,"10":1,"11":1,"12":1,"13":1,"14":1,"15":1,"16":1},"branchMap":{"0":{"type":"branch","line":1,"loc":{"start":{"line":1,"column":0},"end":{"line":17,"column":31}},"locations":[{"start":{"line":1,"column":0},"end":{"line":17,"column":31}}]},"1":{"type":"branch","line":1,"loc":{"start":{"line":1,"column":0},"end":{"line":17,"column":31}},"locations":[{"start":{"line":1,"column":0},"end":{"line":17,"column":31}}]}},"b":{"0":[1],"1":[1]},"fnMap":{"0":{"name":"Object.<anonymous>","decl":{"start":{"line":1,"column":0},"end":{"line":17,"column":31}},"loc":{"start":{"line":1,"column":0},"end":{"line":17,"column":31}},"line":1}},"f":{"0":1}}
,"E:\\personal-projects\\field-booking\\project\\field-booking-backend\\src\\config\\mongodb.js": {"path":"E:\\personal-projects\\field-booking\\project\\field-booking-backend\\src\\config\\mongodb.js","all":false,"statementMap":{"0":{"start":{"line":1,"column":0},"end":{"line":1,"column":31}},"1":{"start":{"line":2,"column":0},"end":{"line":2,"column":39}},"2":{"start":{"line":3,"column":0},"end":{"line":3,"column":0}},"3":{"start":{"line":4,"column":0},"end":{"line":4,"column":43}},"4":{"start":{"line":5,"column":0},"end":{"line":5,"column":7}},"5":{"start":{"line":6,"column":0},"end":{"line":6,"column":39}},"6":{"start":{"line":7,"column":0},"end":{"line":7,"column":18}},"7":{"start":{"line":8,"column":0},"end":{"line":8,"column":42}},"8":{"start":{"line":9,"column":0},"end":{"line":9,"column":5}},"9":{"start":{"line":10,"column":0},"end":{"line":10,"column":16}},"10":{"start":{"line":11,"column":0},"end":{"line":11,"column":44}},"11":{"start":{"line":12,"column":0},"end":{"line":12,"column":29}},"12":{"start":{"line":13,"column":0},"end":{"line":13,"column":3}},"13":{"start":{"line":14,"column":0},"end":{"line":14,"column":1}},"14":{"start":{"line":15,"column":0},"end":{"line":15,"column":0}},"15":{"start":{"line":16,"column":0},"end":{"line":16,"column":29}}},"s":{"0":1,"1":1,"2":1,"3":1,"4":1,"5":1,"6":1,"7":1,"8":1,"9":1,"10":1,"11":1,"12":1,"13":1,"14":1,"15":1},"branchMap":{"0":{"type":"branch","line":1,"loc":{"start":{"line":1,"column":0},"end":{"line":16,"column":29}},"locations":[{"start":{"line":1,"column":0},"end":{"line":16,"column":29}}]},"1":{"type":"branch","line":1,"loc":{"start":{"line":1,"column":0},"end":{"line":16,"column":29}},"locations":[{"start":{"line":1,"column":0},"end":{"line":16,"column":29}}]}},"b":{"0":[1],"1":[1]},"fnMap":{"0":{"name":"Object.<anonymous>","decl":{"start":{"line":1,"column":0},"end":{"line":16,"column":29}},"loc":{"start":{"line":1,"column":0},"end":{"line":16,"column":29}},"line":1}},"f":{"0":1}}
,"E:\\personal-projects\\field-booking\\project\\field-booking-backend\\src\\config\\redisConfig.js": {"path":"E:\\personal-projects\\field-booking\\project\\field-booking-backend\\src\\config\\redisConfig.js","all":false,"statementMap":{"0":{"start":{"line":1,"column":0},"end":{"line":1,"column":36}},"1":{"start":{"line":2,"column":0},"end":{"line":2,"column":36}},"2":{"start":{"line":3,"column":0},"end":{"line":3,"column":0}},"3":{"start":{"line":4,"column":0},"end":{"line":4,"column":34}},"4":{"start":{"line":5,"column":0},"end":{"line":5,"column":16}},"5":{"start":{"line":6,"column":0},"end":{"line":6,"column":2}},"6":{"start":{"line":7,"column":0},"end":{"line":7,"column":0}},"7":{"start":{"line":8,"column":0},"end":{"line":8,"column":41}},"8":{"start":{"line":9,"column":0},"end":{"line":9,"column":7}},"9":{"start":{"line":10,"column":0},"end":{"line":10,"column":31}},"10":{"start":{"line":11,"column":0},"end":{"line":11,"column":18}},"11":{"start":{"line":12,"column":0},"end":{"line":12,"column":47}},"12":{"start":{"line":13,"column":0},"end":{"line":13,"column":36}},"13":{"start":{"line":14,"column":0},"end":{"line":14,"column":39}},"14":{"start":{"line":15,"column":0},"end":{"line":15,"column":5}},"15":{"start":{"line":16,"column":0},"end":{"line":16,"column":16}},"16":{"start":{"line":17,"column":0},"end":{"line":17,"column":29}},"17":{"start":{"line":18,"column":0},"end":{"line":18,"column":3}},"18":{"start":{"line":19,"column":0},"end":{"line":19,"column":1}},"19":{"start":{"line":20,"column":0},"end":{"line":20,"column":0}},"20":{"start":{"line":21,"column":0},"end":{"line":21,"column":8}},"21":{"start":{"line":22,"column":0},"end":{"line":22,"column":14}},"22":{"start":{"line":23,"column":0},"end":{"line":23,"column":14}},"23":{"start":{"line":24,"column":0},"end":{"line":24,"column":1}}},"s":{"0":1,"1":1,"2":1,"3":1,"4":1,"5":1,"6":1,"7":1,"8":1,"9":1,"10":1,"11":1,"12":1,"13":1,"14":1,"15":1,"16":1,"17":1,"18":1,"19":1,"20":1,"21":1,"22":1,"23":1},"branchMap":{"0":{"type":"branch","line":1,"loc":{"start":{"line":1,"column":0},"end":{"line":24,"column":1}},"locations":[{"start":{"line":1,"column":0},"end":{"line":24,"column":1}}]},"1":{"type":"branch","line":1,"loc":{"start":{"line":1,"column":0},"end":{"line":24,"column":1}},"locations":[{"start":{"line":1,"column":0},"end":{"line":24,"column":1}}]}},"b":{"0":[1],"1":[1]},"fnMap":{"0":{"name":"Object.<anonymous>","decl":{"start":{"line":1,"column":0},"end":{"line":24,"column":1}},"loc":{"start":{"line":1,"column":0},"end":{"line":24,"column":1}},"line":1}},"f":{"0":1}}
,"E:\\personal-projects\\field-booking\\project\\field-booking-backend\\src\\constant\\payment.js": {"path":"E:\\personal-projects\\field-booking\\project\\field-booking-backend\\src\\constant\\payment.js","all":false,"statementMap":{"0":{"start":{"line":1,"column":0},"end":{"line":1,"column":17}},"1":{"start":{"line":2,"column":0},"end":{"line":2,"column":13}},"2":{"start":{"line":3,"column":0},"end":{"line":3,"column":18}},"3":{"start":{"line":4,"column":0},"end":{"line":4,"column":1}},"4":{"start":{"line":5,"column":0},"end":{"line":5,"column":0}},"5":{"start":{"line":6,"column":0},"end":{"line":6,"column":22}}},"s":{"0":1,"1":1,"2":1,"3":1,"4":1,"5":1},"branchMap":{"0":{"type":"branch","line":1,"loc":{"start":{"line":1,"column":0},"end":{"line":6,"column":22}},"locations":[{"start":{"line":1,"column":0},"end":{"line":6,"column":22}}]},"1":{"type":"branch","line":1,"loc":{"start":{"line":1,"column":0},"end":{"line":6,"column":22}},"locations":[{"start":{"line":1,"column":0},"end":{"line":6,"column":22}}]}},"b":{"0":[1],"1":[1]},"fnMap":{"0":{"name":"Object.<anonymous>","decl":{"start":{"line":1,"column":0},"end":{"line":6,"column":22}},"loc":{"start":{"line":1,"column":0},"end":{"line":6,"column":22}},"line":1}},"f":{"0":1}}
,"E:\\personal-projects\\field-booking\\project\\field-booking-backend\\src\\constant\\roles.js": {"path":"E:\\personal-projects\\field-booking\\project\\field-booking-backend\\src\\constant\\roles.js","all":false,"statementMap":{"0":{"start":{"line":1,"column":0},"end":{"line":1,"column":15}},"1":{"start":{"line":2,"column":0},"end":{"line":2,"column":17}},"2":{"start":{"line":3,"column":0},"end":{"line":3,"column":22}},"3":{"start":{"line":4,"column":0},"end":{"line":4,"column":1}},"4":{"start":{"line":5,"column":0},"end":{"line":5,"column":0}},"5":{"start":{"line":6,"column":0},"end":{"line":6,"column":20}}},"s":{"0":1,"1":1,"2":1,"3":1,"4":1,"5":1},"branchMap":{"0":{"type":"branch","line":1,"loc":{"start":{"line":1,"column":0},"end":{"line":6,"column":20}},"locations":[{"start":{"line":1,"column":0},"end":{"line":6,"column":20}}]},"1":{"type":"branch","line":1,"loc":{"start":{"line":1,"column":0},"end":{"line":6,"column":20}},"locations":[{"start":{"line":1,"column":0},"end":{"line":6,"column":20}}]}},"b":{"0":[1],"1":[1]},"fnMap":{"0":{"name":"Object.<anonymous>","decl":{"start":{"line":1,"column":0},"end":{"line":6,"column":20}},"loc":{"start":{"line":1,"column":0},"end":{"line":6,"column":20}},"line":1}},"f":{"0":1}}
,"E:\\personal-projects\\field-booking\\project\\field-booking-backend\\src\\constant\\user.js": {"path":"E:\\personal-projects\\field-booking\\project\\field-booking-backend\\src\\constant\\user.js","all":false,"statementMap":{"0":{"start":{"line":1,"column":0},"end":{"line":1,"column":23}},"1":{"start":{"line":2,"column":0},"end":{"line":2,"column":31}},"2":{"start":{"line":3,"column":0},"end":{"line":3,"column":25}},"3":{"start":{"line":4,"column":0},"end":{"line":4,"column":1}},"4":{"start":{"line":5,"column":0},"end":{"line":5,"column":0}},"5":{"start":{"line":6,"column":0},"end":{"line":6,"column":28}}},"s":{"0":1,"1":1,"2":1,"3":1,"4":1,"5":1},"branchMap":{},"b":{},"fnMap":{},"f":{}}
,"E:\\personal-projects\\field-booking\\project\\field-booking-backend\\src\\controller\\bookingController.js": {"path":"E:\\personal-projects\\field-booking\\project\\field-booking-backend\\src\\controller\\bookingController.js","all":false,"statementMap":{"0":{"start":{"line":1,"column":0},"end":{"line":1,"column":56}},"1":{"start":{"line":2,"column":0},"end":{"line":2,"column":44}},"2":{"start":{"line":3,"column":0},"end":{"line":3,"column":57}},"3":{"start":{"line":4,"column":0},"end":{"line":4,"column":54}},"4":{"start":{"line":5,"column":0},"end":{"line":5,"column":68}},"5":{"start":{"line":6,"column":0},"end":{"line":6,"column":50}},"6":{"start":{"line":7,"column":0},"end":{"line":7,"column":81}},"7":{"start":{"line":8,"column":0},"end":{"line":8,"column":49}},"8":{"start":{"line":9,"column":0},"end":{"line":9,"column":66}},"9":{"start":{"line":10,"column":0},"end":{"line":10,"column":48}},"10":{"start":{"line":11,"column":0},"end":{"line":11,"column":35}},"11":{"start":{"line":12,"column":0},"end":{"line":12,"column":69}},"12":{"start":{"line":13,"column":0},"end":{"line":13,"column":0}},"13":{"start":{"line":14,"column":0},"end":{"line":14,"column":27}},"14":{"start":{"line":15,"column":0},"end":{"line":15,"column":45}},"15":{"start":{"line":16,"column":0},"end":{"line":16,"column":9}},"16":{"start":{"line":17,"column":0},"end":{"line":17,"column":22}},"17":{"start":{"line":18,"column":0},"end":{"line":18,"column":63}},"18":{"start":{"line":19,"column":0},"end":{"line":19,"column":0}},"19":{"start":{"line":20,"column":0},"end":{"line":20,"column":59}},"20":{"start":{"line":21,"column":0},"end":{"line":21,"column":15}},"21":{"start":{"line":22,"column":0},"end":{"line":22,"column":11}},"22":{"start":{"line":23,"column":0},"end":{"line":23,"column":51}},"23":{"start":{"line":24,"column":0},"end":{"line":24,"column":20}},"24":{"start":{"line":25,"column":0},"end":{"line":25,"column":27}},"25":{"start":{"line":26,"column":0},"end":{"line":26,"column":9}},"26":{"start":{"line":27,"column":0},"end":{"line":27,"column":20}},"27":{"start":{"line":28,"column":0},"end":{"line":28,"column":55}},"28":{"start":{"line":29,"column":0},"end":{"line":29,"column":7}},"29":{"start":{"line":30,"column":0},"end":{"line":30,"column":0}},"30":{"start":{"line":31,"column":0},"end":{"line":31,"column":87}},"31":{"start":{"line":32,"column":0},"end":{"line":32,"column":62}},"32":{"start":{"line":33,"column":0},"end":{"line":33,"column":60}},"33":{"start":{"line":34,"column":0},"end":{"line":34,"column":56}},"34":{"start":{"line":35,"column":0},"end":{"line":35,"column":29}},"35":{"start":{"line":36,"column":0},"end":{"line":36,"column":63}},"36":{"start":{"line":37,"column":0},"end":{"line":37,"column":7}},"37":{"start":{"line":38,"column":0},"end":{"line":38,"column":0}},"38":{"start":{"line":39,"column":0},"end":{"line":39,"column":27}},"39":{"start":{"line":40,"column":0},"end":{"line":40,"column":29}},"40":{"start":{"line":41,"column":0},"end":{"line":41,"column":28}},"41":{"start":{"line":42,"column":0},"end":{"line":42,"column":31}},"42":{"start":{"line":43,"column":0},"end":{"line":43,"column":26}},"43":{"start":{"line":44,"column":0},"end":{"line":44,"column":39}},"44":{"start":{"line":45,"column":0},"end":{"line":45,"column":7}},"45":{"start":{"line":46,"column":0},"end":{"line":46,"column":0}},"46":{"start":{"line":47,"column":0},"end":{"line":47,"column":64}},"47":{"start":{"line":48,"column":0},"end":{"line":48,"column":48}},"48":{"start":{"line":49,"column":0},"end":{"line":49,"column":48}},"49":{"start":{"line":50,"column":0},"end":{"line":50,"column":49}},"50":{"start":{"line":51,"column":0},"end":{"line":51,"column":25}},"51":{"start":{"line":52,"column":0},"end":{"line":52,"column":34}},"52":{"start":{"line":53,"column":0},"end":{"line":53,"column":34}},"53":{"start":{"line":54,"column":0},"end":{"line":54,"column":39}},"54":{"start":{"line":55,"column":0},"end":{"line":55,"column":12}},"55":{"start":{"line":56,"column":0},"end":{"line":56,"column":25}},"56":{"start":{"line":57,"column":0},"end":{"line":57,"column":27}},"57":{"start":{"line":58,"column":0},"end":{"line":58,"column":12}},"58":{"start":{"line":59,"column":0},"end":{"line":59,"column":31}},"59":{"start":{"line":60,"column":0},"end":{"line":60,"column":36}},"60":{"start":{"line":61,"column":0},"end":{"line":61,"column":11}},"61":{"start":{"line":62,"column":0},"end":{"line":62,"column":10}},"62":{"start":{"line":63,"column":0},"end":{"line":63,"column":66}},"63":{"start":{"line":64,"column":0},"end":{"line":64,"column":42}},"64":{"start":{"line":65,"column":0},"end":{"line":65,"column":52}},"65":{"start":{"line":66,"column":0},"end":{"line":66,"column":7}},"66":{"start":{"line":67,"column":0},"end":{"line":67,"column":0}},"67":{"start":{"line":68,"column":0},"end":{"line":68,"column":38}},"68":{"start":{"line":69,"column":0},"end":{"line":69,"column":55}},"69":{"start":{"line":70,"column":0},"end":{"line":70,"column":0}},"70":{"start":{"line":71,"column":0},"end":{"line":71,"column":43}},"71":{"start":{"line":72,"column":0},"end":{"line":72,"column":43}},"72":{"start":{"line":73,"column":0},"end":{"line":73,"column":35}},"73":{"start":{"line":74,"column":0},"end":{"line":74,"column":40}},"74":{"start":{"line":75,"column":0},"end":{"line":75,"column":39}},"75":{"start":{"line":76,"column":0},"end":{"line":76,"column":31}},"76":{"start":{"line":77,"column":0},"end":{"line":77,"column":8}},"77":{"start":{"line":78,"column":0},"end":{"line":78,"column":0}},"78":{"start":{"line":79,"column":0},"end":{"line":79,"column":65}},"79":{"start":{"line":80,"column":0},"end":{"line":80,"column":24}},"80":{"start":{"line":81,"column":0},"end":{"line":81,"column":43}},"81":{"start":{"line":82,"column":0},"end":{"line":82,"column":7}},"82":{"start":{"line":83,"column":0},"end":{"line":83,"column":78}},"83":{"start":{"line":84,"column":0},"end":{"line":84,"column":47}},"84":{"start":{"line":85,"column":0},"end":{"line":85,"column":18}},"85":{"start":{"line":86,"column":0},"end":{"line":86,"column":15}},"86":{"start":{"line":87,"column":0},"end":{"line":87,"column":5}},"87":{"start":{"line":88,"column":0},"end":{"line":88,"column":4}},"88":{"start":{"line":89,"column":0},"end":{"line":89,"column":0}},"89":{"start":{"line":90,"column":0},"end":{"line":90,"column":48}},"90":{"start":{"line":91,"column":0},"end":{"line":91,"column":9}},"91":{"start":{"line":92,"column":0},"end":{"line":92,"column":37}},"92":{"start":{"line":93,"column":0},"end":{"line":93,"column":27}},"93":{"start":{"line":94,"column":0},"end":{"line":94,"column":38}},"94":{"start":{"line":95,"column":0},"end":{"line":95,"column":42}},"95":{"start":{"line":96,"column":0},"end":{"line":96,"column":44}},"96":{"start":{"line":97,"column":0},"end":{"line":97,"column":52}},"97":{"start":{"line":98,"column":0},"end":{"line":98,"column":52}},"98":{"start":{"line":99,"column":0},"end":{"line":99,"column":42}},"99":{"start":{"line":100,"column":0},"end":{"line":100,"column":36}},"100":{"start":{"line":101,"column":0},"end":{"line":101,"column":7}},"101":{"start":{"line":102,"column":0},"end":{"line":102,"column":0}},"102":{"start":{"line":103,"column":0},"end":{"line":103,"column":33}},"103":{"start":{"line":104,"column":0},"end":{"line":104,"column":30}},"104":{"start":{"line":105,"column":0},"end":{"line":105,"column":45}},"105":{"start":{"line":106,"column":0},"end":{"line":106,"column":47}},"106":{"start":{"line":107,"column":0},"end":{"line":107,"column":51}},"107":{"start":{"line":108,"column":0},"end":{"line":108,"column":55}},"108":{"start":{"line":109,"column":0},"end":{"line":109,"column":45}},"109":{"start":{"line":110,"column":0},"end":{"line":110,"column":39}},"110":{"start":{"line":111,"column":0},"end":{"line":111,"column":7}},"111":{"start":{"line":112,"column":0},"end":{"line":112,"column":55}},"112":{"start":{"line":113,"column":0},"end":{"line":113,"column":39}},"113":{"start":{"line":114,"column":0},"end":{"line":114,"column":7}},"114":{"start":{"line":115,"column":0},"end":{"line":115,"column":54}},"115":{"start":{"line":116,"column":0},"end":{"line":116,"column":42}},"116":{"start":{"line":117,"column":0},"end":{"line":117,"column":24}},"117":{"start":{"line":118,"column":0},"end":{"line":118,"column":0}},"118":{"start":{"line":119,"column":0},"end":{"line":119,"column":17}},"119":{"start":{"line":120,"column":0},"end":{"line":120,"column":41}},"120":{"start":{"line":121,"column":0},"end":{"line":121,"column":18}},"121":{"start":{"line":122,"column":0},"end":{"line":122,"column":15}},"122":{"start":{"line":123,"column":0},"end":{"line":123,"column":5}},"123":{"start":{"line":124,"column":0},"end":{"line":124,"column":4}},"124":{"start":{"line":125,"column":0},"end":{"line":125,"column":0}},"125":{"start":{"line":126,"column":0},"end":{"line":126,"column":42}},"126":{"start":{"line":127,"column":0},"end":{"line":127,"column":9}},"127":{"start":{"line":128,"column":0},"end":{"line":128,"column":25}},"128":{"start":{"line":129,"column":0},"end":{"line":129,"column":23}},"129":{"start":{"line":130,"column":0},"end":{"line":130,"column":29}},"130":{"start":{"line":131,"column":0},"end":{"line":131,"column":31}},"131":{"start":{"line":132,"column":0},"end":{"line":132,"column":7}},"132":{"start":{"line":133,"column":0},"end":{"line":133,"column":60}},"133":{"start":{"line":134,"column":0},"end":{"line":134,"column":78}},"134":{"start":{"line":135,"column":0},"end":{"line":135,"column":66}},"135":{"start":{"line":136,"column":0},"end":{"line":136,"column":54}},"136":{"start":{"line":137,"column":0},"end":{"line":137,"column":0}},"137":{"start":{"line":138,"column":0},"end":{"line":138,"column":25}},"138":{"start":{"line":139,"column":0},"end":{"line":139,"column":22}},"139":{"start":{"line":140,"column":0},"end":{"line":140,"column":29}},"140":{"start":{"line":141,"column":0},"end":{"line":141,"column":7}},"141":{"start":{"line":142,"column":0},"end":{"line":142,"column":55}},"142":{"start":{"line":143,"column":0},"end":{"line":143,"column":61}},"143":{"start":{"line":144,"column":0},"end":{"line":144,"column":47}},"144":{"start":{"line":145,"column":0},"end":{"line":145,"column":68}},"145":{"start":{"line":146,"column":0},"end":{"line":146,"column":29}},"146":{"start":{"line":147,"column":0},"end":{"line":147,"column":48}},"147":{"start":{"line":148,"column":0},"end":{"line":148,"column":44}},"148":{"start":{"line":149,"column":0},"end":{"line":149,"column":52}},"149":{"start":{"line":150,"column":0},"end":{"line":150,"column":37}},"150":{"start":{"line":151,"column":0},"end":{"line":151,"column":29}},"151":{"start":{"line":152,"column":0},"end":{"line":152,"column":16}},"152":{"start":{"line":153,"column":0},"end":{"line":153,"column":32}},"153":{"start":{"line":154,"column":0},"end":{"line":154,"column":35}},"154":{"start":{"line":155,"column":0},"end":{"line":155,"column":10}},"155":{"start":{"line":156,"column":0},"end":{"line":156,"column":29}},"156":{"start":{"line":157,"column":0},"end":{"line":157,"column":25}},"157":{"start":{"line":158,"column":0},"end":{"line":158,"column":38}},"158":{"start":{"line":159,"column":0},"end":{"line":159,"column":9}},"159":{"start":{"line":160,"column":0},"end":{"line":160,"column":0}},"160":{"start":{"line":161,"column":0},"end":{"line":161,"column":17}},"161":{"start":{"line":162,"column":0},"end":{"line":162,"column":24}},"162":{"start":{"line":163,"column":0},"end":{"line":163,"column":27}},"163":{"start":{"line":164,"column":0},"end":{"line":164,"column":28}},"164":{"start":{"line":165,"column":0},"end":{"line":165,"column":7}},"165":{"start":{"line":166,"column":0},"end":{"line":166,"column":57}},"166":{"start":{"line":167,"column":0},"end":{"line":167,"column":75}},"167":{"start":{"line":168,"column":0},"end":{"line":168,"column":63}},"168":{"start":{"line":169,"column":0},"end":{"line":169,"column":34}},"169":{"start":{"line":170,"column":0},"end":{"line":170,"column":47}},"170":{"start":{"line":171,"column":0},"end":{"line":171,"column":18}},"171":{"start":{"line":172,"column":0},"end":{"line":172,"column":15}},"172":{"start":{"line":173,"column":0},"end":{"line":173,"column":5}},"173":{"start":{"line":174,"column":0},"end":{"line":174,"column":4}},"174":{"start":{"line":175,"column":0},"end":{"line":175,"column":0}},"175":{"start":{"line":176,"column":0},"end":{"line":176,"column":47}},"176":{"start":{"line":177,"column":0},"end":{"line":177,"column":9}},"177":{"start":{"line":178,"column":0},"end":{"line":178,"column":28}},"178":{"start":{"line":179,"column":0},"end":{"line":179,"column":80}},"179":{"start":{"line":180,"column":0},"end":{"line":180,"column":0}},"180":{"start":{"line":181,"column":0},"end":{"line":181,"column":41}},"181":{"start":{"line":182,"column":0},"end":{"line":182,"column":55}},"182":{"start":{"line":183,"column":0},"end":{"line":183,"column":75}},"183":{"start":{"line":184,"column":0},"end":{"line":184,"column":63}},"184":{"start":{"line":185,"column":0},"end":{"line":185,"column":0}},"185":{"start":{"line":186,"column":0},"end":{"line":186,"column":21}},"186":{"start":{"line":187,"column":0},"end":{"line":187,"column":20}},"187":{"start":{"line":188,"column":0},"end":{"line":188,"column":57}},"188":{"start":{"line":189,"column":0},"end":{"line":189,"column":7}},"189":{"start":{"line":190,"column":0},"end":{"line":190,"column":0}},"190":{"start":{"line":191,"column":0},"end":{"line":191,"column":17}},"191":{"start":{"line":192,"column":0},"end":{"line":192,"column":24}},"192":{"start":{"line":193,"column":0},"end":{"line":193,"column":35}},"193":{"start":{"line":194,"column":0},"end":{"line":194,"column":45}},"194":{"start":{"line":195,"column":0},"end":{"line":195,"column":31}},"195":{"start":{"line":196,"column":0},"end":{"line":196,"column":40}},"196":{"start":{"line":197,"column":0},"end":{"line":197,"column":35}},"197":{"start":{"line":198,"column":0},"end":{"line":198,"column":43}},"198":{"start":{"line":199,"column":0},"end":{"line":199,"column":38}},"199":{"start":{"line":200,"column":0},"end":{"line":200,"column":16}},"200":{"start":{"line":201,"column":0},"end":{"line":201,"column":46}},"201":{"start":{"line":202,"column":0},"end":{"line":202,"column":38}},"202":{"start":{"line":203,"column":0},"end":{"line":203,"column":46}},"203":{"start":{"line":204,"column":0},"end":{"line":204,"column":42}},"204":{"start":{"line":205,"column":0},"end":{"line":205,"column":39}},"205":{"start":{"line":206,"column":0},"end":{"line":206,"column":9}},"206":{"start":{"line":207,"column":0},"end":{"line":207,"column":7}},"207":{"start":{"line":208,"column":0},"end":{"line":208,"column":47}},"208":{"start":{"line":209,"column":0},"end":{"line":209,"column":18}},"209":{"start":{"line":210,"column":0},"end":{"line":210,"column":15}},"210":{"start":{"line":211,"column":0},"end":{"line":211,"column":5}},"211":{"start":{"line":212,"column":0},"end":{"line":212,"column":4}},"212":{"start":{"line":213,"column":0},"end":{"line":213,"column":0}},"213":{"start":{"line":214,"column":0},"end":{"line":214,"column":44}},"214":{"start":{"line":215,"column":0},"end":{"line":215,"column":9}},"215":{"start":{"line":216,"column":0},"end":{"line":216,"column":28}},"216":{"start":{"line":217,"column":0},"end":{"line":217,"column":80}},"217":{"start":{"line":218,"column":0},"end":{"line":218,"column":0}},"218":{"start":{"line":219,"column":0},"end":{"line":219,"column":52}},"219":{"start":{"line":220,"column":0},"end":{"line":220,"column":52}},"220":{"start":{"line":221,"column":0},"end":{"line":221,"column":23}},"221":{"start":{"line":222,"column":0},"end":{"line":222,"column":26}},"222":{"start":{"line":223,"column":0},"end":{"line":223,"column":28}},"223":{"start":{"line":224,"column":0},"end":{"line":224,"column":8}},"224":{"start":{"line":225,"column":0},"end":{"line":225,"column":27}},"225":{"start":{"line":226,"column":0},"end":{"line":226,"column":57}},"226":{"start":{"line":227,"column":0},"end":{"line":227,"column":7}},"227":{"start":{"line":228,"column":0},"end":{"line":228,"column":57}},"228":{"start":{"line":229,"column":0},"end":{"line":229,"column":0}},"229":{"start":{"line":230,"column":0},"end":{"line":230,"column":34}},"230":{"start":{"line":231,"column":0},"end":{"line":231,"column":24}},"231":{"start":{"line":232,"column":0},"end":{"line":232,"column":31}},"232":{"start":{"line":233,"column":0},"end":{"line":233,"column":18}},"233":{"start":{"line":234,"column":0},"end":{"line":234,"column":19}},"234":{"start":{"line":235,"column":0},"end":{"line":235,"column":19}},"235":{"start":{"line":236,"column":0},"end":{"line":236,"column":17}},"236":{"start":{"line":237,"column":0},"end":{"line":237,"column":21}},"237":{"start":{"line":238,"column":0},"end":{"line":238,"column":22}},"238":{"start":{"line":239,"column":0},"end":{"line":239,"column":23}},"239":{"start":{"line":240,"column":0},"end":{"line":240,"column":24}},"240":{"start":{"line":241,"column":0},"end":{"line":241,"column":25}},"241":{"start":{"line":242,"column":0},"end":{"line":242,"column":27}},"242":{"start":{"line":243,"column":0},"end":{"line":243,"column":22}},"243":{"start":{"line":244,"column":0},"end":{"line":244,"column":19}},"244":{"start":{"line":245,"column":0},"end":{"line":245,"column":7}},"245":{"start":{"line":246,"column":0},"end":{"line":246,"column":41}},"246":{"start":{"line":247,"column":0},"end":{"line":247,"column":103}},"247":{"start":{"line":248,"column":0},"end":{"line":248,"column":7}},"248":{"start":{"line":249,"column":0},"end":{"line":249,"column":42}},"249":{"start":{"line":250,"column":0},"end":{"line":250,"column":0}},"250":{"start":{"line":251,"column":0},"end":{"line":251,"column":24}},"251":{"start":{"line":252,"column":0},"end":{"line":252,"column":65}},"252":{"start":{"line":253,"column":0},"end":{"line":253,"column":70}},"253":{"start":{"line":254,"column":0},"end":{"line":254,"column":38}},"254":{"start":{"line":255,"column":0},"end":{"line":255,"column":53}},"255":{"start":{"line":256,"column":0},"end":{"line":256,"column":60}},"256":{"start":{"line":257,"column":0},"end":{"line":257,"column":0}},"257":{"start":{"line":258,"column":0},"end":{"line":258,"column":17}},"258":{"start":{"line":259,"column":0},"end":{"line":259,"column":41}},"259":{"start":{"line":260,"column":0},"end":{"line":260,"column":18}},"260":{"start":{"line":261,"column":0},"end":{"line":261,"column":15}},"261":{"start":{"line":262,"column":0},"end":{"line":262,"column":5}},"262":{"start":{"line":263,"column":0},"end":{"line":263,"column":3}},"263":{"start":{"line":264,"column":0},"end":{"line":264,"column":1}},"264":{"start":{"line":265,"column":0},"end":{"line":265,"column":0}},"265":{"start":{"line":266,"column":0},"end":{"line":266,"column":32}}},"s":{"0":1,"1":1,"2":1,"3":1,"4":1,"5":1,"6":1,"7":1,"8":1,"9":1,"10":1,"11":1,"12":1,"13":1,"14":1,"15":9,"16":9,"17":9,"18":9,"19":9,"20":9,"21":9,"22":9,"23":3,"24":0,"25":1,"26":1,"27":1,"28":3,"29":3,"30":3,"31":3,"32":3,"33":3,"34":3,"35":1,"36":2,"37":2,"38":2,"39":2,"40":2,"41":2,"42":2,"43":2,"44":2,"45":2,"46":2,"47":2,"48":1,"49":1,"50":1,"51":1,"52":1,"53":1,"54":1,"55":1,"56":1,"57":1,"58":1,"59":1,"60":1,"61":1,"62":1,"63":1,"64":1,"65":2,"66":2,"67":2,"68":2,"69":2,"70":2,"71":2,"72":2,"73":2,"74":2,"75":2,"76":2,"77":2,"78":2,"79":2,"80":2,"81":2,"82":2,"83":2,"84":7,"85":7,"86":1,"87":1,"88":1,"89":1,"90":0,"91":0,"92":0,"93":0,"94":0,"95":0,"96":0,"97":0,"98":0,"99":0,"100":0,"101":0,"102":0,"103":0,"104":0,"105":0,"106":0,"107":0,"108":0,"109":0,"110":0,"111":0,"112":0,"113":0,"114":0,"115":0,"116":0,"117":0,"118":0,"119":0,"120":0,"121":0,"122":1,"123":1,"124":1,"125":1,"126":6,"127":6,"128":6,"129":6,"130":6,"131":6,"132":6,"133":6,"134":6,"135":6,"136":6,"137":6,"138":6,"139":6,"140":6,"141":6,"142":6,"143":1,"144":6,"145":6,"146":6,"147":6,"148":6,"149":1,"150":2,"151":2,"152":2,"153":2,"154":2,"155":2,"156":2,"157":2,"158":1,"159":1,"160":1,"161":1,"162":1,"163":1,"164":1,"165":1,"166":1,"167":1,"168":1,"169":1,"170":5,"171":5,"172":1,"173":1,"174":1,"175":1,"176":3,"177":3,"178":3,"179":3,"180":3,"181":3,"182":3,"183":3,"184":2,"185":2,"186":2,"187":1,"188":1,"189":1,"190":1,"191":1,"192":1,"193":1,"194":1,"195":1,"196":1,"197":1,"198":1,"199":1,"200":1,"201":1,"202":1,"203":1,"204":1,"205":1,"206":1,"207":1,"208":2,"209":2,"210":1,"211":1,"212":1,"213":1,"214":3,"215":3,"216":3,"217":3,"218":3,"219":3,"220":3,"221":3,"222":3,"223":3,"224":2,"225":1,"226":1,"227":1,"228":1,"229":1,"230":1,"231":1,"232":1,"233":1,"234":1,"235":1,"236":1,"237":1,"238":1,"239":1,"240":1,"241":1,"242":1,"243":1,"244":1,"245":1,"246":130,"247":130,"248":1,"249":1,"250":1,"251":1,"252":1,"253":1,"254":1,"255":1,"256":1,"257":1,"258":1,"259":2,"260":2,"261":1,"262":1,"263":1,"264":1,"265":1},"branchMap":{"0":{"type":"branch","line":15,"loc":{"start":{"line":15,"column":15},"end":{"line":15,"column":18}},"locations":[{"start":{"line":15,"column":15},"end":{"line":15,"column":18}}]},"1":{"type":"branch","line":15,"loc":{"start":{"line":15,"column":18},"end":{"line":86,"column":15}},"locations":[{"start":{"line":15,"column":18},"end":{"line":86,"column":15}}]},"2":{"type":"branch","line":15,"loc":{"start":{"line":15,"column":39},"end":{"line":86,"column":15}},"locations":[{"start":{"line":15,"column":39},"end":{"line":86,"column":15}}]},"3":{"type":"branch","line":15,"loc":{"start":{"line":15,"column":39},"end":{"line":86,"column":15}},"locations":[{"start":{"line":15,"column":39},"end":{"line":86,"column":15}}]},"4":{"type":"branch","line":15,"loc":{"start":{"line":15,"column":39},"end":{"line":23,"column":51}},"locations":[{"start":{"line":15,"column":39},"end":{"line":23,"column":51}}]},"5":{"type":"branch","line":24,"loc":{"start":{"line":24,"column":-2},"end":{"line":25,"column":27}},"locations":[{"start":{"line":24,"column":-2},"end":{"line":25,"column":27}}]},"6":{"type":"branch","line":24,"loc":{"start":{"line":24,"column":17},"end":{"line":25,"column":27}},"locations":[{"start":{"line":24,"column":17},"end":{"line":25,"column":27}}]},"7":{"type":"branch","line":26,"loc":{"start":{"line":26,"column":-2},"end":{"line":28,"column":55}},"locations":[{"start":{"line":26,"column":-2},"end":{"line":28,"column":55}}]},"8":{"type":"branch","line":29,"loc":{"start":{"line":29,"column":-2},"end":{"line":34,"column":56}},"locations":[{"start":{"line":29,"column":-2},"end":{"line":34,"column":56}}]},"9":{"type":"branch","line":35,"loc":{"start":{"line":35,"column":-2},"end":{"line":36,"column":63}},"locations":[{"start":{"line":35,"column":-2},"end":{"line":36,"column":63}}]},"10":{"type":"branch","line":35,"loc":{"start":{"line":35,"column":26},"end":{"line":35,"column":29}},"locations":[{"start":{"line":35,"column":26},"end":{"line":35,"column":29}}]},"11":{"type":"branch","line":35,"loc":{"start":{"line":35,"column":26},"end":{"line":36,"column":63}},"locations":[{"start":{"line":35,"column":26},"end":{"line":36,"column":63}}]},"12":{"type":"branch","line":37,"loc":{"start":{"line":37,"column":-2},"end":{"line":63,"column":66}},"locations":[{"start":{"line":37,"column":-2},"end":{"line":63,"column":66}}]},"13":{"type":"branch","line":48,"loc":{"start":{"line":48,"column":45},"end":{"line":63,"column":66}},"locations":[{"start":{"line":48,"column":45},"end":{"line":63,"column":66}}]},"14":{"type":"branch","line":64,"loc":{"start":{"line":64,"column":-2},"end":{"line":65,"column":52}},"locations":[{"start":{"line":64,"column":-2},"end":{"line":65,"column":52}}]},"15":{"type":"branch","line":66,"loc":{"start":{"line":66,"column":-2},"end":{"line":69,"column":55}},"locations":[{"start":{"line":66,"column":-2},"end":{"line":69,"column":55}}]},"16":{"type":"branch","line":70,"loc":{"start":{"line":70,"column":-2},"end":{"line":77,"column":8}},"locations":[{"start":{"line":70,"column":-2},"end":{"line":77,"column":8}}]},"17":{"type":"branch","line":78,"loc":{"start":{"line":78,"column":-2},"end":{"line":84,"column":47}},"locations":[{"start":{"line":78,"column":-2},"end":{"line":84,"column":47}}]},"18":{"type":"branch","line":83,"loc":{"start":{"line":83,"column":32},"end":{"line":83,"column":78}},"locations":[{"start":{"line":83,"column":32},"end":{"line":83,"column":78}}]},"19":{"type":"branch","line":85,"loc":{"start":{"line":85,"column":-2},"end":{"line":86,"column":15}},"locations":[{"start":{"line":85,"column":-2},"end":{"line":86,"column":15}}]},"20":{"type":"branch","line":90,"loc":{"start":{"line":90,"column":19},"end":{"line":90,"column":21}},"locations":[{"start":{"line":90,"column":19},"end":{"line":90,"column":21}}]},"21":{"type":"branch","line":126,"loc":{"start":{"line":126,"column":13},"end":{"line":126,"column":15}},"locations":[{"start":{"line":126,"column":13},"end":{"line":126,"column":15}}]},"22":{"type":"branch","line":126,"loc":{"start":{"line":126,"column":15},"end":{"line":172,"column":15}},"locations":[{"start":{"line":126,"column":15},"end":{"line":172,"column":15}}]},"23":{"type":"branch","line":126,"loc":{"start":{"line":126,"column":36},"end":{"line":172,"column":15}},"locations":[{"start":{"line":126,"column":36},"end":{"line":172,"column":15}}]},"24":{"type":"branch","line":126,"loc":{"start":{"line":126,"column":36},"end":{"line":149,"column":52}},"locations":[{"start":{"line":126,"column":36},"end":{"line":149,"column":52}}]},"25":{"type":"branch","line":133,"loc":{"start":{"line":133,"column":27},"end":{"line":133,"column":60}},"locations":[{"start":{"line":133,"column":27},"end":{"line":133,"column":60}}]},"26":{"type":"branch","line":134,"loc":{"start":{"line":134,"column":33},"end":{"line":134,"column":78}},"locations":[{"start":{"line":134,"column":33},"end":{"line":134,"column":78}}]},"27":{"type":"branch","line":135,"loc":{"start":{"line":135,"column":29},"end":{"line":135,"column":66}},"locations":[{"start":{"line":135,"column":29},"end":{"line":135,"column":66}}]},"28":{"type":"branch","line":142,"loc":{"start":{"line":142,"column":25},"end":{"line":142,"column":55}},"locations":[{"start":{"line":142,"column":25},"end":{"line":142,"column":55}}]},"29":{"type":"branch","line":143,"loc":{"start":{"line":143,"column":-2},"end":{"line":143,"column":27}},"locations":[{"start":{"line":143,"column":-2},"end":{"line":143,"column":27}}]},"30":{"type":"branch","line":143,"loc":{"start":{"line":143,"column":27},"end":{"line":143,"column":61}},"locations":[{"start":{"line":143,"column":27},"end":{"line":143,"column":61}}]},"31":{"type":"branch","line":144,"loc":{"start":{"line":144,"column":-2},"end":{"line":145,"column":60}},"locations":[{"start":{"line":144,"column":-2},"end":{"line":145,"column":60}}]},"32":{"type":"branch","line":145,"loc":{"start":{"line":145,"column":57},"end":{"line":145,"column":62}},"locations":[{"start":{"line":145,"column":57},"end":{"line":145,"column":62}}]},"33":{"type":"branch","line":145,"loc":{"start":{"line":145,"column":62},"end":{"line":145,"column":66}},"locations":[{"start":{"line":145,"column":62},"end":{"line":145,"column":66}}]},"34":{"type":"branch","line":150,"loc":{"start":{"line":150,"column":-2},"end":{"line":170,"column":47}},"locations":[{"start":{"line":150,"column":-2},"end":{"line":170,"column":47}}]},"35":{"type":"branch","line":166,"loc":{"start":{"line":166,"column":25},"end":{"line":166,"column":57}},"locations":[{"start":{"line":166,"column":25},"end":{"line":166,"column":57}}]},"36":{"type":"branch","line":167,"loc":{"start":{"line":167,"column":31},"end":{"line":167,"column":75}},"locations":[{"start":{"line":167,"column":31},"end":{"line":167,"column":75}}]},"37":{"type":"branch","line":168,"loc":{"start":{"line":168,"column":27},"end":{"line":168,"column":63}},"locations":[{"start":{"line":168,"column":27},"end":{"line":168,"column":63}}]},"38":{"type":"branch","line":171,"loc":{"start":{"line":171,"column":-2},"end":{"line":172,"column":15}},"locations":[{"start":{"line":171,"column":-2},"end":{"line":172,"column":15}}]},"39":{"type":"branch","line":150,"loc":{"start":{"line":150,"column":30},"end":{"line":159,"column":8}},"locations":[{"start":{"line":150,"column":30},"end":{"line":159,"column":8}}]},"40":{"type":"branch","line":176,"loc":{"start":{"line":176,"column":18},"end":{"line":176,"column":20}},"locations":[{"start":{"line":176,"column":18},"end":{"line":176,"column":20}}]},"41":{"type":"branch","line":176,"loc":{"start":{"line":176,"column":20},"end":{"line":210,"column":15}},"locations":[{"start":{"line":176,"column":20},"end":{"line":210,"column":15}}]},"42":{"type":"branch","line":176,"loc":{"start":{"line":176,"column":41},"end":{"line":210,"column":15}},"locations":[{"start":{"line":176,"column":41},"end":{"line":210,"column":15}}]},"43":{"type":"branch","line":176,"loc":{"start":{"line":176,"column":41},"end":{"line":210,"column":15}},"locations":[{"start":{"line":176,"column":41},"end":{"line":210,"column":15}}]},"44":{"type":"branch","line":176,"loc":{"start":{"line":176,"column":41},"end":{"line":184,"column":63}},"locations":[{"start":{"line":176,"column":41},"end":{"line":184,"column":63}}]},"45":{"type":"branch","line":185,"loc":{"start":{"line":185,"column":-2},"end":{"line":188,"column":57}},"locations":[{"start":{"line":185,"column":-2},"end":{"line":188,"column":57}}]},"46":{"type":"branch","line":187,"loc":{"start":{"line":187,"column":17},"end":{"line":188,"column":57}},"locations":[{"start":{"line":187,"column":17},"end":{"line":188,"column":57}}]},"47":{"type":"branch","line":189,"loc":{"start":{"line":189,"column":-2},"end":{"line":208,"column":47}},"locations":[{"start":{"line":189,"column":-2},"end":{"line":208,"column":47}}]},"48":{"type":"branch","line":209,"loc":{"start":{"line":209,"column":-2},"end":{"line":210,"column":15}},"locations":[{"start":{"line":209,"column":-2},"end":{"line":210,"column":15}}]},"49":{"type":"branch","line":214,"loc":{"start":{"line":214,"column":15},"end":{"line":214,"column":17}},"locations":[{"start":{"line":214,"column":15},"end":{"line":214,"column":17}}]},"50":{"type":"branch","line":214,"loc":{"start":{"line":214,"column":17},"end":{"line":261,"column":15}},"locations":[{"start":{"line":214,"column":17},"end":{"line":261,"column":15}}]},"51":{"type":"branch","line":214,"loc":{"start":{"line":214,"column":38},"end":{"line":261,"column":15}},"locations":[{"start":{"line":214,"column":38},"end":{"line":261,"column":15}}]},"52":{"type":"branch","line":214,"loc":{"start":{"line":214,"column":38},"end":{"line":261,"column":15}},"locations":[{"start":{"line":214,"column":38},"end":{"line":261,"column":15}}]},"53":{"type":"branch","line":214,"loc":{"start":{"line":214,"column":38},"end":{"line":224,"column":8}},"locations":[{"start":{"line":214,"column":38},"end":{"line":224,"column":8}}]},"54":{"type":"branch","line":225,"loc":{"start":{"line":225,"column":-2},"end":{"line":226,"column":57}},"locations":[{"start":{"line":225,"column":-2},"end":{"line":226,"column":57}}]},"55":{"type":"branch","line":225,"loc":{"start":{"line":225,"column":24},"end":{"line":226,"column":57}},"locations":[{"start":{"line":225,"column":24},"end":{"line":226,"column":57}}]},"56":{"type":"branch","line":227,"loc":{"start":{"line":227,"column":-2},"end":{"line":228,"column":57}},"locations":[{"start":{"line":227,"column":-2},"end":{"line":228,"column":57}}]},"57":{"type":"branch","line":229,"loc":{"start":{"line":229,"column":-2},"end":{"line":249,"column":42}},"locations":[{"start":{"line":229,"column":-2},"end":{"line":249,"column":42}}]},"58":{"type":"branch","line":246,"loc":{"start":{"line":246,"column":40},"end":{"line":248,"column":7}},"locations":[{"start":{"line":246,"column":40},"end":{"line":248,"column":7}}]},"59":{"type":"branch","line":247,"loc":{"start":{"line":247,"column":41},"end":{"line":247,"column":65}},"locations":[{"start":{"line":247,"column":41},"end":{"line":247,"column":65}}]},"60":{"type":"branch","line":247,"loc":{"start":{"line":247,"column":67},"end":{"line":247,"column":103}},"locations":[{"start":{"line":247,"column":67},"end":{"line":247,"column":103}}]},"61":{"type":"branch","line":250,"loc":{"start":{"line":250,"column":-2},"end":{"line":253,"column":70}},"locations":[{"start":{"line":250,"column":-2},"end":{"line":253,"column":70}}]},"62":{"type":"branch","line":254,"loc":{"start":{"line":254,"column":-2},"end":{"line":256,"column":60}},"locations":[{"start":{"line":254,"column":-2},"end":{"line":256,"column":60}}]},"63":{"type":"branch","line":257,"loc":{"start":{"line":257,"column":-2},"end":{"line":259,"column":41}},"locations":[{"start":{"line":257,"column":-2},"end":{"line":259,"column":41}}]},"64":{"type":"branch","line":260,"loc":{"start":{"line":260,"column":-2},"end":{"line":261,"column":15}},"locations":[{"start":{"line":260,"column":-2},"end":{"line":261,"column":15}}]}},"b":{"0":[1],"1":[9],"2":[30],"3":[39],"4":[9],"5":[3],"6":[0],"7":[1],"8":[3],"9":[3],"10":[2],"11":[1],"12":[2],"13":[1],"14":[1],"15":[2],"16":[2],"17":[2],"18":[1],"19":[7],"20":[1],"21":[1],"22":[6],"23":[13],"24":[6],"25":[5],"26":[2],"27":[2],"28":[0],"29":[1],"30":[0],"31":[1],"32":[0],"33":[1],"34":[1],"35":[0],"36":[0],"37":[0],"38":[5],"39":[2],"40":[1],"41":[3],"42":[8],"43":[9],"44":[3],"45":[2],"46":[1],"47":[1],"48":[2],"49":[1],"50":[3],"51":[12],"52":[13],"53":[3],"54":[2],"55":[1],"56":[1],"57":[1],"58":[130],"59":[12],"60":[7],"61":[1],"62":[1],"63":[1],"64":[2]},"fnMap":{"0":{"name":"_callee","decl":{"start":{"line":15,"column":18},"end":{"line":86,"column":15}},"loc":{"start":{"line":15,"column":18},"end":{"line":86,"column":15}},"line":15},"1":{"name":"_callee$","decl":{"start":{"line":15,"column":39},"end":{"line":86,"column":15}},"loc":{"start":{"line":15,"column":39},"end":{"line":86,"column":15}},"line":15},"2":{"name":"_callee2","decl":{"start":{"line":90,"column":21},"end":{"line":122,"column":15}},"loc":{"start":{"line":90,"column":21},"end":{"line":122,"column":15}},"line":90},"3":{"name":"_callee3","decl":{"start":{"line":126,"column":15},"end":{"line":172,"column":15}},"loc":{"start":{"line":126,"column":15},"end":{"line":172,"column":15}},"line":126},"4":{"name":"_callee3$","decl":{"start":{"line":126,"column":36},"end":{"line":172,"column":15}},"loc":{"start":{"line":126,"column":36},"end":{"line":172,"column":15}},"line":126},"5":{"name":"_callee4","decl":{"start":{"line":176,"column":20},"end":{"line":210,"column":15}},"loc":{"start":{"line":176,"column":20},"end":{"line":210,"column":15}},"line":176},"6":{"name":"_callee4$","decl":{"start":{"line":176,"column":41},"end":{"line":210,"column":15}},"loc":{"start":{"line":176,"column":41},"end":{"line":210,"column":15}},"line":176},"7":{"name":"_callee5","decl":{"start":{"line":214,"column":17},"end":{"line":261,"column":15}},"loc":{"start":{"line":214,"column":17},"end":{"line":261,"column":15}},"line":214},"8":{"name":"_callee5$","decl":{"start":{"line":214,"column":38},"end":{"line":261,"column":15}},"loc":{"start":{"line":214,"column":38},"end":{"line":261,"column":15}},"line":214}},"f":{"0":9,"1":30,"2":0,"3":6,"4":13,"5":3,"6":8,"7":3,"8":12}}
,"E:\\personal-projects\\field-booking\\project\\field-booking-backend\\src\\controller\\fieldController.js": {"path":"E:\\personal-projects\\field-booking\\project\\field-booking-backend\\src\\controller\\fieldController.js","all":false,"statementMap":{"0":{"start":{"line":1,"column":0},"end":{"line":1,"column":57}},"1":{"start":{"line":2,"column":0},"end":{"line":2,"column":50}},"2":{"start":{"line":3,"column":0},"end":{"line":3,"column":53}},"3":{"start":{"line":4,"column":0},"end":{"line":4,"column":48}},"4":{"start":{"line":5,"column":0},"end":{"line":5,"column":81}},"5":{"start":{"line":6,"column":0},"end":{"line":6,"column":65}},"6":{"start":{"line":7,"column":0},"end":{"line":7,"column":49}},"7":{"start":{"line":8,"column":0},"end":{"line":8,"column":62}},"8":{"start":{"line":9,"column":0},"end":{"line":9,"column":48}},"9":{"start":{"line":10,"column":0},"end":{"line":10,"column":0}},"10":{"start":{"line":11,"column":0},"end":{"line":11,"column":25}},"11":{"start":{"line":12,"column":0},"end":{"line":12,"column":40}},"12":{"start":{"line":13,"column":0},"end":{"line":13,"column":9}},"13":{"start":{"line":14,"column":0},"end":{"line":14,"column":27}},"14":{"start":{"line":15,"column":0},"end":{"line":15,"column":37}},"15":{"start":{"line":16,"column":0},"end":{"line":16,"column":52}},"16":{"start":{"line":17,"column":0},"end":{"line":17,"column":32}},"17":{"start":{"line":18,"column":0},"end":{"line":18,"column":16}},"18":{"start":{"line":19,"column":0},"end":{"line":19,"column":31}},"19":{"start":{"line":20,"column":0},"end":{"line":20,"column":23}},"20":{"start":{"line":21,"column":0},"end":{"line":21,"column":27}},"21":{"start":{"line":22,"column":0},"end":{"line":22,"column":27}},"22":{"start":{"line":23,"column":0},"end":{"line":23,"column":31}},"23":{"start":{"line":24,"column":0},"end":{"line":24,"column":24}},"24":{"start":{"line":25,"column":0},"end":{"line":25,"column":9}},"25":{"start":{"line":26,"column":0},"end":{"line":26,"column":8}},"26":{"start":{"line":27,"column":0},"end":{"line":27,"column":0}},"27":{"start":{"line":28,"column":0},"end":{"line":28,"column":16}},"28":{"start":{"line":29,"column":0},"end":{"line":29,"column":45}},"29":{"start":{"line":30,"column":0},"end":{"line":30,"column":18}},"30":{"start":{"line":31,"column":0},"end":{"line":31,"column":15}},"31":{"start":{"line":32,"column":0},"end":{"line":32,"column":5}},"32":{"start":{"line":33,"column":0},"end":{"line":33,"column":4}},"33":{"start":{"line":34,"column":0},"end":{"line":34,"column":0}},"34":{"start":{"line":35,"column":0},"end":{"line":35,"column":45}},"35":{"start":{"line":36,"column":0},"end":{"line":36,"column":9}},"36":{"start":{"line":37,"column":0},"end":{"line":37,"column":47}},"37":{"start":{"line":38,"column":0},"end":{"line":38,"column":31}},"38":{"start":{"line":39,"column":0},"end":{"line":39,"column":44}},"39":{"start":{"line":40,"column":0},"end":{"line":40,"column":0}},"40":{"start":{"line":41,"column":0},"end":{"line":41,"column":57}},"41":{"start":{"line":42,"column":0},"end":{"line":42,"column":18}},"42":{"start":{"line":43,"column":0},"end":{"line":43,"column":55}},"43":{"start":{"line":44,"column":0},"end":{"line":44,"column":7}},"44":{"start":{"line":45,"column":0},"end":{"line":45,"column":0}},"45":{"start":{"line":46,"column":0},"end":{"line":46,"column":16}},"46":{"start":{"line":47,"column":0},"end":{"line":47,"column":39}},"47":{"start":{"line":48,"column":0},"end":{"line":48,"column":33}},"48":{"start":{"line":49,"column":0},"end":{"line":49,"column":25}},"49":{"start":{"line":50,"column":0},"end":{"line":50,"column":26}},"50":{"start":{"line":51,"column":0},"end":{"line":51,"column":29}},"51":{"start":{"line":52,"column":0},"end":{"line":52,"column":29}},"52":{"start":{"line":53,"column":0},"end":{"line":53,"column":33}},"53":{"start":{"line":54,"column":0},"end":{"line":54,"column":37}},"54":{"start":{"line":55,"column":0},"end":{"line":55,"column":36}},"55":{"start":{"line":56,"column":0},"end":{"line":56,"column":8}},"56":{"start":{"line":57,"column":0},"end":{"line":57,"column":18}},"57":{"start":{"line":58,"column":0},"end":{"line":58,"column":15}},"58":{"start":{"line":59,"column":0},"end":{"line":59,"column":5}},"59":{"start":{"line":60,"column":0},"end":{"line":60,"column":4}},"60":{"start":{"line":61,"column":0},"end":{"line":61,"column":0}},"61":{"start":{"line":62,"column":0},"end":{"line":62,"column":43}},"62":{"start":{"line":63,"column":0},"end":{"line":63,"column":9}},"63":{"start":{"line":64,"column":0},"end":{"line":64,"column":28}},"64":{"start":{"line":65,"column":0},"end":{"line":65,"column":78}},"65":{"start":{"line":66,"column":0},"end":{"line":66,"column":29}},"66":{"start":{"line":67,"column":0},"end":{"line":67,"column":31}},"67":{"start":{"line":68,"column":0},"end":{"line":68,"column":27}},"68":{"start":{"line":69,"column":0},"end":{"line":69,"column":0}},"69":{"start":{"line":70,"column":0},"end":{"line":70,"column":33}},"70":{"start":{"line":71,"column":0},"end":{"line":71,"column":63}},"71":{"start":{"line":72,"column":0},"end":{"line":72,"column":57}},"72":{"start":{"line":73,"column":0},"end":{"line":73,"column":46}},"73":{"start":{"line":74,"column":0},"end":{"line":74,"column":21}},"74":{"start":{"line":75,"column":0},"end":{"line":75,"column":0}},"75":{"start":{"line":76,"column":0},"end":{"line":76,"column":34}},"76":{"start":{"line":77,"column":0},"end":{"line":77,"column":58}},"77":{"start":{"line":78,"column":0},"end":{"line":78,"column":7}},"78":{"start":{"line":79,"column":0},"end":{"line":79,"column":0}},"79":{"start":{"line":80,"column":0},"end":{"line":80,"column":24}},"80":{"start":{"line":81,"column":0},"end":{"line":81,"column":19}},"81":{"start":{"line":82,"column":0},"end":{"line":82,"column":72}},"82":{"start":{"line":83,"column":0},"end":{"line":83,"column":7}},"83":{"start":{"line":84,"column":0},"end":{"line":84,"column":0}},"84":{"start":{"line":85,"column":0},"end":{"line":85,"column":17}},"85":{"start":{"line":86,"column":0},"end":{"line":86,"column":47}},"86":{"start":{"line":87,"column":0},"end":{"line":87,"column":18}},"87":{"start":{"line":88,"column":0},"end":{"line":88,"column":15}},"88":{"start":{"line":89,"column":0},"end":{"line":89,"column":5}},"89":{"start":{"line":90,"column":0},"end":{"line":90,"column":4}},"90":{"start":{"line":91,"column":0},"end":{"line":91,"column":0}},"91":{"start":{"line":92,"column":0},"end":{"line":92,"column":43}},"92":{"start":{"line":93,"column":0},"end":{"line":93,"column":9}},"93":{"start":{"line":94,"column":0},"end":{"line":94,"column":36}},"94":{"start":{"line":95,"column":0},"end":{"line":95,"column":86}},"95":{"start":{"line":96,"column":0},"end":{"line":96,"column":32}},"96":{"start":{"line":97,"column":0},"end":{"line":97,"column":19}},"97":{"start":{"line":98,"column":0},"end":{"line":98,"column":8}},"98":{"start":{"line":99,"column":0},"end":{"line":99,"column":0}},"99":{"start":{"line":100,"column":0},"end":{"line":100,"column":30}},"100":{"start":{"line":101,"column":0},"end":{"line":101,"column":11}},"101":{"start":{"line":102,"column":0},"end":{"line":102,"column":52}},"102":{"start":{"line":103,"column":0},"end":{"line":103,"column":20}},"103":{"start":{"line":104,"column":0},"end":{"line":104,"column":27}},"104":{"start":{"line":105,"column":0},"end":{"line":105,"column":9}},"105":{"start":{"line":106,"column":0},"end":{"line":106,"column":20}},"106":{"start":{"line":107,"column":0},"end":{"line":107,"column":55}},"107":{"start":{"line":108,"column":0},"end":{"line":108,"column":7}},"108":{"start":{"line":109,"column":0},"end":{"line":109,"column":0}},"109":{"start":{"line":110,"column":0},"end":{"line":110,"column":35}},"110":{"start":{"line":111,"column":0},"end":{"line":111,"column":42}},"111":{"start":{"line":112,"column":0},"end":{"line":112,"column":27}},"112":{"start":{"line":113,"column":0},"end":{"line":113,"column":29}},"113":{"start":{"line":114,"column":0},"end":{"line":114,"column":23}},"114":{"start":{"line":115,"column":0},"end":{"line":115,"column":32}},"115":{"start":{"line":116,"column":0},"end":{"line":116,"column":8}},"116":{"start":{"line":117,"column":0},"end":{"line":117,"column":0}},"117":{"start":{"line":118,"column":0},"end":{"line":118,"column":33}},"118":{"start":{"line":119,"column":0},"end":{"line":119,"column":35}},"119":{"start":{"line":120,"column":0},"end":{"line":120,"column":34}},"120":{"start":{"line":121,"column":0},"end":{"line":121,"column":45}},"121":{"start":{"line":122,"column":0},"end":{"line":122,"column":43}},"122":{"start":{"line":123,"column":0},"end":{"line":123,"column":30}},"123":{"start":{"line":124,"column":0},"end":{"line":124,"column":39}},"124":{"start":{"line":125,"column":0},"end":{"line":125,"column":58}},"125":{"start":{"line":126,"column":0},"end":{"line":126,"column":8}},"126":{"start":{"line":127,"column":0},"end":{"line":127,"column":0}},"127":{"start":{"line":128,"column":0},"end":{"line":128,"column":17}},"128":{"start":{"line":129,"column":0},"end":{"line":129,"column":41}},"129":{"start":{"line":130,"column":0},"end":{"line":130,"column":18}},"130":{"start":{"line":131,"column":0},"end":{"line":131,"column":15}},"131":{"start":{"line":132,"column":0},"end":{"line":132,"column":5}},"132":{"start":{"line":133,"column":0},"end":{"line":133,"column":4}},"133":{"start":{"line":134,"column":0},"end":{"line":134,"column":0}},"134":{"start":{"line":135,"column":0},"end":{"line":135,"column":40}},"135":{"start":{"line":136,"column":0},"end":{"line":136,"column":9}},"136":{"start":{"line":137,"column":0},"end":{"line":137,"column":33}},"137":{"start":{"line":138,"column":0},"end":{"line":138,"column":56}},"138":{"start":{"line":139,"column":0},"end":{"line":139,"column":32}},"139":{"start":{"line":140,"column":0},"end":{"line":140,"column":20}},"140":{"start":{"line":141,"column":0},"end":{"line":141,"column":8}},"141":{"start":{"line":142,"column":0},"end":{"line":142,"column":0}},"142":{"start":{"line":143,"column":0},"end":{"line":143,"column":30}},"143":{"start":{"line":144,"column":0},"end":{"line":144,"column":11}},"144":{"start":{"line":145,"column":0},"end":{"line":145,"column":57}},"145":{"start":{"line":146,"column":0},"end":{"line":146,"column":20}},"146":{"start":{"line":147,"column":0},"end":{"line":147,"column":27}},"147":{"start":{"line":148,"column":0},"end":{"line":148,"column":9}},"148":{"start":{"line":149,"column":0},"end":{"line":149,"column":20}},"149":{"start":{"line":150,"column":0},"end":{"line":150,"column":55}},"150":{"start":{"line":151,"column":0},"end":{"line":151,"column":7}},"151":{"start":{"line":152,"column":0},"end":{"line":152,"column":0}},"152":{"start":{"line":153,"column":0},"end":{"line":153,"column":30}},"153":{"start":{"line":154,"column":0},"end":{"line":154,"column":47}},"154":{"start":{"line":155,"column":0},"end":{"line":155,"column":55}},"155":{"start":{"line":156,"column":0},"end":{"line":156,"column":50}},"156":{"start":{"line":157,"column":0},"end":{"line":157,"column":28}},"157":{"start":{"line":158,"column":0},"end":{"line":158,"column":20}},"158":{"start":{"line":159,"column":0},"end":{"line":159,"column":55}},"159":{"start":{"line":160,"column":0},"end":{"line":160,"column":70}},"160":{"start":{"line":161,"column":0},"end":{"line":161,"column":11}},"161":{"start":{"line":162,"column":0},"end":{"line":162,"column":30}},"162":{"start":{"line":163,"column":0},"end":{"line":163,"column":68}},"163":{"start":{"line":164,"column":0},"end":{"line":164,"column":9}},"164":{"start":{"line":165,"column":0},"end":{"line":165,"column":7}},"165":{"start":{"line":166,"column":0},"end":{"line":166,"column":73}},"166":{"start":{"line":167,"column":0},"end":{"line":167,"column":51}},"167":{"start":{"line":168,"column":0},"end":{"line":168,"column":50}},"168":{"start":{"line":169,"column":0},"end":{"line":169,"column":23}},"169":{"start":{"line":170,"column":0},"end":{"line":170,"column":56}},"170":{"start":{"line":171,"column":0},"end":{"line":171,"column":50}},"171":{"start":{"line":172,"column":0},"end":{"line":172,"column":21}},"172":{"start":{"line":173,"column":0},"end":{"line":173,"column":108}},"173":{"start":{"line":174,"column":0},"end":{"line":174,"column":35}},"174":{"start":{"line":175,"column":0},"end":{"line":175,"column":42}},"175":{"start":{"line":176,"column":0},"end":{"line":176,"column":83}},"176":{"start":{"line":177,"column":0},"end":{"line":177,"column":33}},"177":{"start":{"line":178,"column":0},"end":{"line":178,"column":24}},"178":{"start":{"line":179,"column":0},"end":{"line":179,"column":17}},"179":{"start":{"line":180,"column":0},"end":{"line":180,"column":32}},"180":{"start":{"line":181,"column":0},"end":{"line":181,"column":37}},"181":{"start":{"line":182,"column":0},"end":{"line":182,"column":12}},"182":{"start":{"line":183,"column":0},"end":{"line":183,"column":32}},"183":{"start":{"line":184,"column":0},"end":{"line":184,"column":42}},"184":{"start":{"line":185,"column":0},"end":{"line":185,"column":41}},"185":{"start":{"line":186,"column":0},"end":{"line":186,"column":10}},"186":{"start":{"line":187,"column":0},"end":{"line":187,"column":7}},"187":{"start":{"line":188,"column":0},"end":{"line":188,"column":0}},"188":{"start":{"line":189,"column":0},"end":{"line":189,"column":17}},"189":{"start":{"line":190,"column":0},"end":{"line":190,"column":24}},"190":{"start":{"line":191,"column":0},"end":{"line":191,"column":24}},"191":{"start":{"line":192,"column":0},"end":{"line":192,"column":26}},"192":{"start":{"line":193,"column":0},"end":{"line":193,"column":38}},"193":{"start":{"line":194,"column":0},"end":{"line":194,"column":29}},"194":{"start":{"line":195,"column":0},"end":{"line":195,"column":7}},"195":{"start":{"line":196,"column":0},"end":{"line":196,"column":45}},"196":{"start":{"line":197,"column":0},"end":{"line":197,"column":43}},"197":{"start":{"line":198,"column":0},"end":{"line":198,"column":47}},"198":{"start":{"line":199,"column":0},"end":{"line":199,"column":18}},"199":{"start":{"line":200,"column":0},"end":{"line":200,"column":15}},"200":{"start":{"line":201,"column":0},"end":{"line":201,"column":5}},"201":{"start":{"line":202,"column":0},"end":{"line":202,"column":3}},"202":{"start":{"line":203,"column":0},"end":{"line":203,"column":1}},"203":{"start":{"line":204,"column":0},"end":{"line":204,"column":0}},"204":{"start":{"line":205,"column":0},"end":{"line":205,"column":30}}},"s":{"0":1,"1":1,"2":1,"3":1,"4":1,"5":1,"6":1,"7":1,"8":1,"9":1,"10":1,"11":1,"12":1,"13":1,"14":1,"15":1,"16":1,"17":3,"18":3,"19":3,"20":3,"21":3,"22":3,"23":3,"24":3,"25":1,"26":1,"27":1,"28":1,"29":0,"30":0,"31":1,"32":1,"33":1,"34":1,"35":1,"36":1,"37":1,"38":1,"39":1,"40":1,"41":1,"42":0,"43":1,"44":1,"45":1,"46":1,"47":1,"48":1,"49":1,"50":1,"51":1,"52":1,"53":1,"54":1,"55":1,"56":0,"57":0,"58":1,"59":1,"60":1,"61":1,"62":4,"63":4,"64":4,"65":4,"66":4,"67":4,"68":4,"69":4,"70":4,"71":4,"72":4,"73":4,"74":2,"75":2,"76":1,"77":1,"78":1,"79":1,"80":1,"81":1,"82":1,"83":1,"84":1,"85":1,"86":3,"87":3,"88":1,"89":1,"90":1,"91":1,"92":4,"93":4,"94":4,"95":4,"96":4,"97":4,"98":4,"99":4,"100":4,"101":4,"102":1,"103":0,"104":1,"105":1,"106":1,"107":1,"108":1,"109":1,"110":1,"111":1,"112":1,"113":1,"114":1,"115":1,"116":1,"117":1,"118":1,"119":1,"120":1,"121":1,"122":1,"123":1,"124":1,"125":1,"126":1,"127":1,"128":1,"129":3,"130":3,"131":1,"132":1,"133":1,"134":1,"135":5,"136":5,"137":5,"138":5,"139":5,"140":5,"141":5,"142":5,"143":5,"144":5,"145":1,"146":0,"147":1,"148":1,"149":1,"150":1,"151":1,"152":1,"153":1,"154":1,"155":1,"156":1,"157":1,"158":0,"159":0,"160":1,"161":1,"162":1,"163":1,"164":1,"165":1,"166":1,"167":1,"168":1,"169":1,"170":1,"171":1,"172":1,"173":1,"174":1,"175":2,"176":2,"177":2,"178":2,"179":2,"180":2,"181":2,"182":2,"183":2,"184":2,"185":2,"186":1,"187":1,"188":1,"189":1,"190":1,"191":1,"192":1,"193":1,"194":1,"195":1,"196":1,"197":1,"198":4,"199":4,"200":1,"201":1,"202":1,"203":1,"204":1},"branchMap":{"0":{"type":"branch","line":12,"loc":{"start":{"line":12,"column":11},"end":{"line":12,"column":13}},"locations":[{"start":{"line":12,"column":11},"end":{"line":12,"column":13}}]},"1":{"type":"branch","line":12,"loc":{"start":{"line":12,"column":13},"end":{"line":31,"column":15}},"locations":[{"start":{"line":12,"column":13},"end":{"line":31,"column":15}}]},"2":{"type":"branch","line":12,"loc":{"start":{"line":12,"column":34},"end":{"line":31,"column":15}},"locations":[{"start":{"line":12,"column":34},"end":{"line":31,"column":15}}]},"3":{"type":"branch","line":12,"loc":{"start":{"line":12,"column":34},"end":{"line":16,"column":52}},"locations":[{"start":{"line":12,"column":34},"end":{"line":16,"column":52}}]},"4":{"type":"branch","line":17,"loc":{"start":{"line":17,"column":-2},"end":{"line":29,"column":45}},"locations":[{"start":{"line":17,"column":-2},"end":{"line":29,"column":45}}]},"5":{"type":"branch","line":30,"loc":{"start":{"line":30,"column":-2},"end":{"line":31,"column":15}},"locations":[{"start":{"line":30,"column":-2},"end":{"line":31,"column":15}}]},"6":{"type":"branch","line":17,"loc":{"start":{"line":17,"column":26},"end":{"line":26,"column":7}},"locations":[{"start":{"line":17,"column":26},"end":{"line":26,"column":7}}]},"7":{"type":"branch","line":35,"loc":{"start":{"line":35,"column":16},"end":{"line":35,"column":18}},"locations":[{"start":{"line":35,"column":16},"end":{"line":35,"column":18}}]},"8":{"type":"branch","line":35,"loc":{"start":{"line":35,"column":18},"end":{"line":58,"column":15}},"locations":[{"start":{"line":35,"column":18},"end":{"line":58,"column":15}}]},"9":{"type":"branch","line":35,"loc":{"start":{"line":35,"column":39},"end":{"line":58,"column":15}},"locations":[{"start":{"line":35,"column":39},"end":{"line":58,"column":15}}]},"10":{"type":"branch","line":35,"loc":{"start":{"line":35,"column":39},"end":{"line":58,"column":15}},"locations":[{"start":{"line":35,"column":39},"end":{"line":58,"column":15}}]},"11":{"type":"branch","line":35,"loc":{"start":{"line":35,"column":39},"end":{"line":39,"column":44}},"locations":[{"start":{"line":35,"column":39},"end":{"line":39,"column":44}}]},"12":{"type":"branch","line":40,"loc":{"start":{"line":40,"column":-2},"end":{"line":43,"column":55}},"locations":[{"start":{"line":40,"column":-2},"end":{"line":43,"column":55}}]},"13":{"type":"branch","line":42,"loc":{"start":{"line":42,"column":15},"end":{"line":43,"column":55}},"locations":[{"start":{"line":42,"column":15},"end":{"line":43,"column":55}}]},"14":{"type":"branch","line":44,"loc":{"start":{"line":44,"column":-2},"end":{"line":56,"column":8}},"locations":[{"start":{"line":44,"column":-2},"end":{"line":56,"column":8}}]},"15":{"type":"branch","line":57,"loc":{"start":{"line":57,"column":-2},"end":{"line":58,"column":15}},"locations":[{"start":{"line":57,"column":-2},"end":{"line":58,"column":15}}]},"16":{"type":"branch","line":62,"loc":{"start":{"line":62,"column":14},"end":{"line":62,"column":16}},"locations":[{"start":{"line":62,"column":14},"end":{"line":62,"column":16}}]},"17":{"type":"branch","line":62,"loc":{"start":{"line":62,"column":16},"end":{"line":88,"column":15}},"locations":[{"start":{"line":62,"column":16},"end":{"line":88,"column":15}}]},"18":{"type":"branch","line":62,"loc":{"start":{"line":62,"column":37},"end":{"line":88,"column":15}},"locations":[{"start":{"line":62,"column":37},"end":{"line":88,"column":15}}]},"19":{"type":"branch","line":62,"loc":{"start":{"line":62,"column":37},"end":{"line":88,"column":15}},"locations":[{"start":{"line":62,"column":37},"end":{"line":88,"column":15}}]},"20":{"type":"branch","line":62,"loc":{"start":{"line":62,"column":37},"end":{"line":74,"column":21}},"locations":[{"start":{"line":62,"column":37},"end":{"line":74,"column":21}}]},"21":{"type":"branch","line":75,"loc":{"start":{"line":75,"column":-2},"end":{"line":77,"column":58}},"locations":[{"start":{"line":75,"column":-2},"end":{"line":77,"column":58}}]},"22":{"type":"branch","line":76,"loc":{"start":{"line":76,"column":31},"end":{"line":77,"column":58}},"locations":[{"start":{"line":76,"column":31},"end":{"line":77,"column":58}}]},"23":{"type":"branch","line":78,"loc":{"start":{"line":78,"column":-2},"end":{"line":86,"column":47}},"locations":[{"start":{"line":78,"column":-2},"end":{"line":86,"column":47}}]},"24":{"type":"branch","line":87,"loc":{"start":{"line":87,"column":-2},"end":{"line":88,"column":15}},"locations":[{"start":{"line":87,"column":-2},"end":{"line":88,"column":15}}]},"25":{"type":"branch","line":82,"loc":{"start":{"line":82,"column":33},"end":{"line":82,"column":72}},"locations":[{"start":{"line":82,"column":33},"end":{"line":82,"column":72}}]},"26":{"type":"branch","line":92,"loc":{"start":{"line":92,"column":14},"end":{"line":92,"column":16}},"locations":[{"start":{"line":92,"column":14},"end":{"line":92,"column":16}}]},"27":{"type":"branch","line":92,"loc":{"start":{"line":92,"column":16},"end":{"line":131,"column":15}},"locations":[{"start":{"line":92,"column":16},"end":{"line":131,"column":15}}]},"28":{"type":"branch","line":92,"loc":{"start":{"line":92,"column":37},"end":{"line":131,"column":15}},"locations":[{"start":{"line":92,"column":37},"end":{"line":131,"column":15}}]},"29":{"type":"branch","line":92,"loc":{"start":{"line":92,"column":37},"end":{"line":131,"column":15}},"locations":[{"start":{"line":92,"column":37},"end":{"line":131,"column":15}}]},"30":{"type":"branch","line":92,"loc":{"start":{"line":92,"column":37},"end":{"line":102,"column":52}},"locations":[{"start":{"line":92,"column":37},"end":{"line":102,"column":52}}]},"31":{"type":"branch","line":103,"loc":{"start":{"line":103,"column":-2},"end":{"line":104,"column":27}},"locations":[{"start":{"line":103,"column":-2},"end":{"line":104,"column":27}}]},"32":{"type":"branch","line":103,"loc":{"start":{"line":103,"column":17},"end":{"line":104,"column":27}},"locations":[{"start":{"line":103,"column":17},"end":{"line":104,"column":27}}]},"33":{"type":"branch","line":105,"loc":{"start":{"line":105,"column":-2},"end":{"line":107,"column":55}},"locations":[{"start":{"line":105,"column":-2},"end":{"line":107,"column":55}}]},"34":{"type":"branch","line":108,"loc":{"start":{"line":108,"column":-2},"end":{"line":116,"column":8}},"locations":[
[...]
c":{"start":{"line":36,"column":24},"end":{"line":37,"column":27}},"locations":[{"start":{"line":36,"column":24},"end":{"line":37,"column":27}}]},"7":{"type":"branch","line":36,"loc":{"start":{"line":36,"column":24},"end":{"line":37,"column":27}},"locations":[{"start":{"line":36,"column":24},"end":{"line":37,"column":27}}]},"8":{"type":"branch","line":40,"loc":{"start":{"line":40,"column":18},"end":{"line":40,"column":21}},"locations":[{"start":{"line":40,"column":18},"end":{"line":40,"column":21}}]},"9":{"type":"branch","line":40,"loc":{"start":{"line":40,"column":21},"end":{"line":88,"column":3}},"locations":[{"start":{"line":40,"column":21},"end":{"line":88,"column":3}}]},"10":{"type":"branch","line":40,"loc":{"start":{"line":40,"column":21},"end":{"line":88,"column":3}},"locations":[{"start":{"line":40,"column":21},"end":{"line":88,"column":3}}]},"11":{"type":"branch","line":40,"loc":{"start":{"line":40,"column":21},"end":{"line":53,"column":63}},"locations":[{"start":{"line":40,"column":21},"end":{"line":53,"column":63}}]},"12":{"type":"branch","line":54,"loc":{"start":{"line":54,"column":-2},"end":{"line":63,"column":55}},"locations":[{"start":{"line":54,"column":-2},"end":{"line":63,"column":55}}]},"13":{"type":"branch","line":64,"loc":{"start":{"line":64,"column":-2},"end":{"line":65,"column":67}},"locations":[{"start":{"line":64,"column":-2},"end":{"line":65,"column":67}}]},"14":{"type":"branch","line":66,"loc":{"start":{"line":66,"column":-2},"end":{"line":79,"column":76}},"locations":[{"start":{"line":66,"column":-2},"end":{"line":79,"column":76}}]},"15":{"type":"branch","line":80,"loc":{"start":{"line":80,"column":-2},"end":{"line":81,"column":93}},"locations":[{"start":{"line":80,"column":-2},"end":{"line":81,"column":93}}]},"16":{"type":"branch","line":82,"loc":{"start":{"line":82,"column":-2},"end":{"line":88,"column":3}},"locations":[{"start":{"line":82,"column":-2},"end":{"line":88,"column":3}}]},"17":{"type":"branch","line":91,"loc":{"start":{"line":91,"column":33},"end":{"line":91,"column":36}},"locations":[{"start":{"line":91,"column":33},"end":{"line":91,"column":36}}]},"18":{"type":"branch","line":91,"loc":{"start":{"line":91,"column":36},"end":{"line":104,"column":53}},"locations":[{"start":{"line":91,"column":36},"end":{"line":104,"column":53}}]},"19":{"type":"branch","line":91,"loc":{"start":{"line":91,"column":72},"end":{"line":104,"column":53}},"locations":[{"start":{"line":91,"column":72},"end":{"line":104,"column":53}}]},"20":{"type":"branch","line":91,"loc":{"start":{"line":91,"column":72},"end":{"line":95,"column":17}},"locations":[{"start":{"line":91,"column":72},"end":{"line":95,"column":17}}]},"21":{"type":"branch","line":96,"loc":{"start":{"line":96,"column":-2},"end":{"line":97,"column":61}},"locations":[{"start":{"line":96,"column":-2},"end":{"line":97,"column":61}}]},"22":{"type":"branch","line":98,"loc":{"start":{"line":98,"column":-2},"end":{"line":102,"column":17}},"locations":[{"start":{"line":98,"column":-2},"end":{"line":102,"column":17}}]},"23":{"type":"branch","line":103,"loc":{"start":{"line":103,"column":-2},"end":{"line":104,"column":53}},"locations":[{"start":{"line":103,"column":-2},"end":{"line":104,"column":53}}]},"24":{"type":"branch","line":107,"loc":{"start":{"line":107,"column":36},"end":{"line":107,"column":38}},"locations":[{"start":{"line":107,"column":36},"end":{"line":107,"column":38}}]},"25":{"type":"branch","line":107,"loc":{"start":{"line":107,"column":38},"end":{"line":114,"column":55}},"locations":[{"start":{"line":107,"column":38},"end":{"line":114,"column":55}}]},"26":{"type":"branch","line":107,"loc":{"start":{"line":107,"column":38},"end":{"line":114,"column":55}},"locations":[{"start":{"line":107,"column":38},"end":{"line":114,"column":55}}]},"27":{"type":"branch","line":107,"loc":{"start":{"line":107,"column":38},"end":{"line":114,"column":55}},"locations":[{"start":{"line":107,"column":38},"end":{"line":114,"column":55}}]},"28":{"type":"branch","line":107,"loc":{"start":{"line":107,"column":38},"end":{"line":108,"column":74}},"locations":[{"start":{"line":107,"column":38},"end":{"line":108,"column":74}}]},"29":{"type":"branch","line":109,"loc":{"start":{"line":109,"column":-2},"end":{"line":109,"column":44}},"locations":[{"start":{"line":109,"column":-2},"end":{"line":109,"column":44}}]},"30":{"type":"branch","line":109,"loc":{"start":{"line":109,"column":41},"end":{"line":110,"column":63}},"locations":[{"start":{"line":109,"column":41},"end":{"line":110,"column":63}}]},"31":{"type":"branch","line":109,"loc":{"start":{"line":109,"column":41},"end":{"line":109,"column":44}},"locations":[{"start":{"line":109,"column":41},"end":{"line":109,"column":44}}]},"32":{"type":"branch","line":109,"loc":{"start":{"line":109,"column":41},"end":{"line":110,"column":63}},"locations":[{"start":{"line":109,"column":41},"end":{"line":110,"column":63}}]},"33":{"type":"branch","line":111,"loc":{"start":{"line":111,"column":-2},"end":{"line":112,"column":66}},"locations":[{"start":{"line":111,"column":-2},"end":{"line":112,"column":66}}]},"34":{"type":"branch","line":113,"loc":{"start":{"line":113,"column":-2},"end":{"line":113,"column":42}},"locations":[{"start":{"line":113,"column":-2},"end":{"line":113,"column":42}}]},"35":{"type":"branch","line":113,"loc":{"start":{"line":113,"column":39},"end":{"line":114,"column":55}},"locations":[{"start":{"line":113,"column":39},"end":{"line":114,"column":55}}]},"36":{"type":"branch","line":113,"loc":{"start":{"line":113,"column":39},"end":{"line":114,"column":55}},"locations":[{"start":{"line":113,"column":39},"end":{"line":114,"column":55}}]},"37":{"type":"branch","line":118,"loc":{"start":{"line":118,"column":27},"end":{"line":118,"column":30}},"locations":[{"start":{"line":118,"column":27},"end":{"line":118,"column":30}}]},"38":{"type":"branch","line":118,"loc":{"start":{"line":118,"column":30},"end":{"line":132,"column":56}},"locations":[{"start":{"line":118,"column":30},"end":{"line":132,"column":56}}]},"39":{"type":"branch","line":118,"loc":{"start":{"line":118,"column":30},"end":{"line":132,"column":56}},"locations":[{"start":{"line":118,"column":30},"end":{"line":132,"column":56}}]},"40":{"type":"branch","line":118,"loc":{"start":{"line":118,"column":30},"end":{"line":132,"column":56}},"locations":[{"start":{"line":118,"column":30},"end":{"line":132,"column":56}}]},"41":{"type":"branch","line":118,"loc":{"start":{"line":118,"column":30},"end":{"line":120,"column":37}},"locations":[{"start":{"line":118,"column":30},"end":{"line":120,"column":37}}]},"42":{"type":"branch","line":121,"loc":{"start":{"line":121,"column":-2},"end":{"line":126,"column":35}},"locations":[{"start":{"line":121,"column":-2},"end":{"line":126,"column":35}}]},"43":{"type":"branch","line":126,"loc":{"start":{"line":126,"column":32},"end":{"line":127,"column":57}},"locations":[{"start":{"line":126,"column":32},"end":{"line":127,"column":57}}]},"44":{"type":"branch","line":126,"loc":{"start":{"line":126,"column":32},"end":{"line":127,"column":57}},"locations":[{"start":{"line":126,"column":32},"end":{"line":127,"column":57}}]},"45":{"type":"branch","line":128,"loc":{"start":{"line":128,"column":-2},"end":{"line":130,"column":19}},"locations":[{"start":{"line":128,"column":-2},"end":{"line":130,"column":19}}]},"46":{"type":"branch","line":131,"loc":{"start":{"line":131,"column":-2},"end":{"line":132,"column":56}},"locations":[{"start":{"line":131,"column":-2},"end":{"line":132,"column":56}}]},"47":{"type":"branch","line":121,"loc":{"start":{"line":121,"column":36},"end":{"line":123,"column":3}},"locations":[{"start":{"line":121,"column":36},"end":{"line":123,"column":3}}]},"48":{"type":"branch","line":122,"loc":{"start":{"line":122,"column":17},"end":{"line":122,"column":25}},"locations":[{"start":{"line":122,"column":17},"end":{"line":122,"column":25}}]},"49":{"type":"branch","line":136,"loc":{"start":{"line":136,"column":24},"end":{"line":136,"column":27}},"locations":[{"start":{"line":136,"column":24},"end":{"line":136,"column":27}}]},"50":{"type":"branch","line":136,"loc":{"start":{"line":136,"column":27},"end":{"line":141,"column":28}},"locations":[{"start":{"line":136,"column":27},"end":{"line":141,"column":28}}]},"51":{"type":"branch","line":136,"loc":{"start":{"line":136,"column":27},"end":{"line":141,"column":28}},"locations":[{"start":{"line":136,"column":27},"end":{"line":141,"column":28}}]},"52":{"type":"branch","line":136,"loc":{"start":{"line":136,"column":27},"end":{"line":140,"column":31}},"locations":[{"start":{"line":136,"column":27},"end":{"line":140,"column":31}}]},"53":{"type":"branch","line":141,"loc":{"start":{"line":141,"column":-2},"end":{"line":141,"column":28}},"locations":[{"start":{"line":141,"column":-2},"end":{"line":141,"column":28}}]},"54":{"type":"branch","line":144,"loc":{"start":{"line":144,"column":31},"end":{"line":144,"column":34}},"locations":[{"start":{"line":144,"column":31},"end":{"line":144,"column":34}}]},"55":{"type":"branch","line":144,"loc":{"start":{"line":144,"column":34},"end":{"line":147,"column":9}},"locations":[{"start":{"line":144,"column":34},"end":{"line":147,"column":9}}]},"56":{"type":"branch","line":144,"loc":{"start":{"line":144,"column":48},"end":{"line":147,"column":9}},"locations":[{"start":{"line":144,"column":48},"end":{"line":147,"column":9}}]},"57":{"type":"branch","line":144,"loc":{"start":{"line":144,"column":48},"end":{"line":147,"column":7}},"locations":[{"start":{"line":144,"column":48},"end":{"line":147,"column":7}}]},"58":{"type":"branch","line":145,"loc":{"start":{"line":145,"column":37},"end":{"line":145,"column":42}},"locations":[{"start":{"line":145,"column":37},"end":{"line":145,"column":42}}]},"59":{"type":"branch","line":145,"loc":{"start":{"line":145,"column":42},"end":{"line":147,"column":4}},"locations":[{"start":{"line":145,"column":42},"end":{"line":147,"column":4}}]},"60":{"type":"branch","line":147,"loc":{"start":{"line":147,"column":5},"end":{"line":147,"column":9}},"locations":[{"start":{"line":147,"column":5},"end":{"line":147,"column":9}}]},"61":{"type":"branch","line":147,"loc":{"start":{"line":147,"column":8},"end":{"line":147,"column":9}},"locations":[{"start":{"line":147,"column":8},"end":{"line":147,"column":9}}]},"62":{"type":"branch","line":147,"loc":{"start":{"line":147,"column":8},"end":{"line":147,"column":9}},"locations":[{"start":{"line":147,"column":8},"end":{"line":147,"column":9}}]},"63":{"type":"branch","line":150,"loc":{"start":{"line":150,"column":28},"end":{"line":150,"column":31}},"locations":[{"start":{"line":150,"column":28},"end":{"line":150,"column":31}}]},"64":{"type":"branch","line":150,"loc":{"start":{"line":150,"column":31},"end":{"line":161,"column":65}},"locations":[{"start":{"line":150,"column":31},"end":{"line":161,"column":65}}]},"65":{"type":"branch","line":150,"loc":{"start":{"line":150,"column":31},"end":{"line":161,"column":65}},"locations":[{"start":{"line":150,"column":31},"end":{"line":161,"column":65}}]},"66":{"type":"branch","line":150,"loc":{"start":{"line":150,"column":31},"end":{"line":161,"column":65}},"locations":[{"start":{"line":150,"column":31},"end":{"line":161,"column":65}}]},"67":{"type":"branch","line":150,"loc":{"start":{"line":150,"column":31},"end":{"line":151,"column":39}},"locations":[{"start":{"line":150,"column":31},"end":{"line":151,"column":39}}]},"68":{"type":"branch","line":152,"loc":{"start":{"line":152,"column":-2},"end":{"line":155,"column":37}},"locations":[{"start":{"line":152,"column":-2},"end":{"line":155,"column":37}}]},"69":{"type":"branch","line":155,"loc":{"start":{"line":155,"column":34},"end":{"line":156,"column":59}},"locations":[{"start":{"line":155,"column":34},"end":{"line":156,"column":59}}]},"70":{"type":"branch","line":155,"loc":{"start":{"line":155,"column":34},"end":{"line":155,"column":37}},"locations":[{"start":{"line":155,"column":34},"end":{"line":155,"column":37}}]},"71":{"type":"branch","line":155,"loc":{"start":{"line":155,"column":34},"end":{"line":156,"column":59}},"locations":[{"start":{"line":155,"column":34},"end":{"line":156,"column":59}}]},"72":{"type":"branch","line":157,"loc":{"start":{"line":157,"column":-2},"end":{"line":159,"column":19}},"locations":[{"start":{"line":157,"column":-2},"end":{"line":159,"column":19}}]},"73":{"type":"branch","line":160,"loc":{"start":{"line":160,"column":-2},"end":{"line":161,"column":65}},"locations":[{"start":{"line":160,"column":-2},"end":{"line":161,"column":65}}]},"74":{"type":"branch","line":152,"loc":{"start":{"line":152,"column":38},"end":{"line":154,"column":3}},"locations":[{"start":{"line":152,"column":38},"end":{"line":154,"column":3}}]},"75":{"type":"branch","line":153,"loc":{"start":{"line":153,"column":17},"end":{"line":153,"column":25}},"locations":[{"start":{"line":153,"column":17},"end":{"line":153,"column":25}}]},"76":{"type":"branch","line":165,"loc":{"start":{"line":165,"column":26},"end":{"line":165,"column":29}},"locations":[{"start":{"line":165,"column":26},"end":{"line":165,"column":29}}]},"77":{"type":"branch","line":165,"loc":{"start":{"line":165,"column":29},"end":{"line":188,"column":31}},"locations":[{"start":{"line":165,"column":29},"end":{"line":188,"column":31}}]},"78":{"type":"branch","line":165,"loc":{"start":{"line":165,"column":29},"end":{"line":188,"column":31}},"locations":[{"start":{"line":165,"column":29},"end":{"line":188,"column":31}}]},"79":{"type":"branch","line":165,"loc":{"start":{"line":165,"column":29},"end":{"line":166,"column":37}},"locations":[{"start":{"line":165,"column":29},"end":{"line":166,"column":37}}]},"80":{"type":"branch","line":167,"loc":{"start":{"line":167,"column":-2},"end":{"line":169,"column":4}},"locations":[{"start":{"line":167,"column":-2},"end":{"line":169,"column":4}}]},"81":{"type":"branch","line":170,"loc":{"start":{"line":170,"column":-2},"end":{"line":181,"column":4}},"locations":[{"start":{"line":170,"column":-2},"end":{"line":181,"column":4}}]},"82":{"type":"branch","line":182,"loc":{"start":{"line":182,"column":-2},"end":{"line":187,"column":4}},"locations":[{"start":{"line":182,"column":-2},"end":{"line":187,"column":4}}]},"83":{"type":"branch","line":188,"loc":{"start":{"line":188,"column":-2},"end":{"line":188,"column":31}},"locations":[{"start":{"line":188,"column":-2},"end":{"line":188,"column":31}}]},"84":{"type":"branch","line":191,"loc":{"start":{"line":191,"column":33},"end":{"line":191,"column":36}},"locations":[{"start":{"line":191,"column":33},"end":{"line":191,"column":36}}]},"85":{"type":"branch","line":191,"loc":{"start":{"line":191,"column":36},"end":{"line":192,"column":35}},"locations":[{"start":{"line":191,"column":36},"end":{"line":192,"column":35}}]},"86":{"type":"branch","line":191,"loc":{"start":{"line":191,"column":36},"end":{"line":192,"column":35}},"locations":[{"start":{"line":191,"column":36},"end":{"line":192,"column":35}}]},"87":{"type":"branch","line":191,"loc":{"start":{"line":191,"column":36},"end":{"line":192,"column":35}},"locations":[{"start":{"line":191,"column":36},"end":{"line":192,"column":35}}]}},"b":{"0":[1],"1":[1],"2":[3],"3":[1],"4":[1],"5":[1],"6":[3],"7":[1],"8":[1],"9":[2],"10":[14],"11":[2],"12":[2],"13":[2],"14":[2],"15":[2],"16":[2],"17":[1],"18":[4],"19":[20],"20":[4],"21":[4],"22":[4],"23":[4],"24":[1],"25":[3],"26":[20],"27":[37],"28":[3],"29":[3],"30":[5],"31":[3],"32":[2],"33":[3],"34":[3],"35":[6],"36":[3],"37":[1],"38":[1],"39":[6],"40":[9],"41":[1],"42":[1],"43":[2],"44":[1],"45":[1],"46":[1],"47":[6],"48":[1],"49":[1],"50":[1],"51":[3],"52":[1],"53":[1],"54":[1],"55":[2],"56":[6],"57":[2],"58":[1],"59":[1],"60":[2],"61":[0],"62":[2],"63":[1],"64":[9],"65":[33],"66":[53],"67":[9],"68":[9],"69":[11],"70":[9],"71":[2],"72":[2],"73":[2],"74":[29],"75":[2],"76":[1],"77":[1],"78":[6],"79":[1],"80":[1],"81":[1],"82":[1],"83":[1],"84":[1],"85":[1],"86":[2],"87":[1]},"fnMap":{"0":{"name":"_callee","decl":{"start":{"line":22,"column":29},"end":{"line":33,"column":4}},"loc":{"start":{"line":22,"column":29},"end":{"line":33,"column":4}},"line":22},"1":{"name":"_callee$","decl":{"start":{"line":22,"column":29},"end":{"line":33,"column":4}},"loc":{"start":{"line":22,"column":29},"end":{"line":33,"column":4}},"line":22},"2":{"name":"_callee2","decl":{"start":{"line":36,"column":24},"end":{"line":37,"column":27}},"loc":{"start":{"line":36,"column":24},"end":{"line":37,"column":27}},"line":36},"3":{"name":"_callee2$","decl":{"start":{"line":36,"column":24},"end":{"line":37,"column":27}},"loc":{"start":{"line":36,"column":24},"end":{"line":37,"column":27}},"line":36},"4":{"name":"_callee3","decl":{"start":{"line":40,"column":21},"end":{"line":88,"column":3}},"loc":{"start":{"line":40,"column":21},"end":{"line":88,"column":3}},"line":40},"5":{"name":"_callee3$","decl":{"start":{"line":40,"column":21},"end":{"line":88,"column":3}},"loc":{"start":{"line":40,"column":21},"end":{"line":88,"column":3}},"line":40},"6":{"name":"_callee4","decl":{"start":{"line":91,"column":36},"end":{"line":104,"column":53}},"loc":{"start":{"line":91,"column":36},"end":{"line":104,"column":53}},"line":91},"7":{"name":"_callee4$","decl":{"start":{"line":91,"column":72},"end":{"line":104,"column":53}},"loc":{"start":{"line":91,"column":72},"end":{"line":104,"column":53}},"line":91},"8":{"name":"_callee5","decl":{"start":{"line":107,"column":38},"end":{"line":114,"column":55}},"loc":{"start":{"line":107,"column":38},"end":{"line":114,"column":55}},"line":107},"9":{"name":"_callee5$","decl":{"start":{"line":107,"column":38},"end":{"line":114,"column":55}},"loc":{"start":{"line":107,"column":38},"end":{"line":114,"column":55}},"line":107},"10":{"name":"_callee6","decl":{"start":{"line":118,"column":30},"end":{"line":132,"column":56}},"loc":{"start":{"line":118,"column":30},"end":{"line":132,"column":56}},"line":118},"11":{"name":"_callee6$","decl":{"start":{"line":118,"column":30},"end":{"line":132,"column":56}},"loc":{"start":{"line":118,"column":30},"end":{"line":132,"column":56}},"line":118},"12":{"name":"_callee7","decl":{"start":{"line":136,"column":27},"end":{"line":141,"column":28}},"loc":{"start":{"line":136,"column":27},"end":{"line":141,"column":28}},"line":136},"13":{"name":"_callee7$","decl":{"start":{"line":136,"column":27},"end":{"line":141,"column":28}},"loc":{"start":{"line":136,"column":27},"end":{"line":141,"column":28}},"line":136},"14":{"name":"_callee8","decl":{"start":{"line":144,"column":34},"end":{"line":147,"column":9}},"loc":{"start":{"line":144,"column":34},"end":{"line":147,"column":9}},"line":144},"15":{"name":"_callee8$","decl":{"start":{"line":144,"column":48},"end":{"line":147,"column":9}},"loc":{"start":{"line":144,"column":48},"end":{"line":147,"column":9}},"line":144},"16":{"name":"_callee9","decl":{"start":{"line":150,"column":31},"end":{"line":161,"column":65}},"loc":{"start":{"line":150,"column":31},"end":{"line":161,"column":65}},"line":150},"17":{"name":"_callee9$","decl":{"start":{"line":150,"column":31},"end":{"line":161,"column":65}},"loc":{"start":{"line":150,"column":31},"end":{"line":161,"column":65}},"line":150},"18":{"name":"_callee10","decl":{"start":{"line":165,"column":29},"end":{"line":188,"column":31}},"loc":{"start":{"line":165,"column":29},"end":{"line":188,"column":31}},"line":165},"19":{"name":"_callee10$","decl":{"start":{"line":165,"column":29},"end":{"line":188,"column":31}},"loc":{"start":{"line":165,"column":29},"end":{"line":188,"column":31}},"line":165},"20":{"name":"_callee11","decl":{"start":{"line":191,"column":36},"end":{"line":192,"column":35}},"loc":{"start":{"line":191,"column":36},"end":{"line":192,"column":35}},"line":191},"21":{"name":"_callee11$","decl":{"start":{"line":191,"column":36},"end":{"line":192,"column":35}},"loc":{"start":{"line":191,"column":36},"end":{"line":192,"column":35}},"line":191}},"f":{"0":1,"1":3,"2":1,"3":3,"4":2,"5":14,"6":4,"7":20,"8":3,"9":20,"10":1,"11":6,"12":1,"13":3,"14":2,"15":6,"16":9,"17":33,"18":1,"19":6,"20":1,"21":2}}
}
