TN:
SF:src\config\env.js
FN:1,Object.<anonymous>
FNF:1
FNH:1
FNDA:1,Object.<anonymous>
DA:1,1
DA:2,1
DA:3,1
DA:4,1
DA:5,1
DA:6,1
DA:7,1
DA:8,1
DA:9,1
DA:10,1
DA:11,1
DA:12,1
DA:13,1
DA:14,1
DA:15,1
DA:16,1
DA:17,1
DA:18,1
DA:19,1
DA:20,1
DA:21,1
DA:22,1
DA:23,1
DA:24,1
DA:25,1
DA:26,1
DA:27,1
DA:28,1
DA:29,1
DA:30,1
DA:31,1
DA:32,1
DA:33,1
DA:34,1
DA:35,1
DA:36,1
DA:37,1
DA:38,1
DA:39,1
DA:40,1
DA:41,1
DA:42,1
LF:42
LH:42
BRDA:1,0,0,1
BRDA:1,1,0,1
BRF:2
BRH:2
end_of_record
TN:
SF:src\config\expressConfig.js
FN:59,_callee
FN:59,_callee$
FNF:2
FNH:2
FNDA:1,_callee
FNDA:3,_callee$
DA:1,1
DA:2,1
DA:3,1
DA:4,1
DA:5,1
DA:6,1
DA:7,1
DA:8,1
DA:9,1
DA:10,1
DA:11,1
DA:12,1
DA:13,1
DA:14,1
DA:15,1
DA:16,1
DA:17,1
DA:18,1
DA:19,1
DA:20,1
DA:21,1
DA:22,1
DA:23,1
DA:24,1
DA:25,1
DA:26,1
DA:27,1
DA:28,1
DA:29,1
DA:30,1
DA:31,1
DA:32,1
DA:33,1
DA:34,1
DA:35,1
DA:36,1
DA:37,1
DA:38,1
DA:39,1
DA:40,1
DA:41,1
DA:42,1
DA:43,1
DA:44,1
DA:45,1
DA:46,1
DA:47,1
DA:48,1
DA:49,1
DA:50,1
DA:51,1
DA:52,1
DA:53,1
DA:54,1
DA:55,1
DA:56,1
DA:57,1
DA:58,1
DA:59,1
DA:60,1
DA:61,1
DA:62,1
DA:63,1
DA:64,1
DA:65,1
DA:66,1
LF:66
LH:66
BRDA:59,0,0,1
BRDA:59,1,0,3
BRDA:59,2,0,1
BRDA:60,3,0,1
BRDA:61,4,0,1
BRDA:61,5,0,1
BRF:6
BRH:6
end_of_record
TN:
SF:src\config\googleAuth.js
FN:19,authorizationUrl
FNF:1
FNH:0
FNDA:0,authorizationUrl
DA:1,1
DA:2,1
DA:3,1
DA:4,1
DA:5,1
DA:6,1
DA:7,1
DA:8,1
DA:9,1
DA:10,1
DA:11,1
DA:12,1
DA:13,1
DA:14,1
DA:15,1
DA:16,1
DA:17,1
DA:18,1
DA:19,1
DA:20,0
DA:21,0
DA:22,0
DA:23,0
DA:24,1
DA:25,1
LF:25
LH:21
BRF:0
BRH:0
end_of_record
TN:
SF:src\config\midtransSnap.js
FN:1,Object.<anonymous>
FNF:1
FNH:1
FNDA:1,Object.<anonymous>
DA:1,1
DA:2,1
DA:3,1
DA:4,1
DA:5,1
DA:6,1
DA:7,1
DA:8,1
DA:9,1
DA:10,1
DA:11,1
DA:12,1
DA:13,1
DA:14,1
DA:15,1
DA:16,1
DA:17,1
LF:17
LH:17
BRDA:1,0,0,1
BRDA:1,1,0,1
BRF:2
BRH:2
end_of_record
TN:
SF:src\config\mongodb.js
FN:1,Object.<anonymous>
FNF:1
FNH:1
FNDA:1,Object.<anonymous>
DA:1,1
DA:2,1
DA:3,1
DA:4,1
DA:5,1
DA:6,1
DA:7,1
DA:8,1
DA:9,1
DA:10,1
DA:11,1
DA:12,1
DA:13,1
DA:14,1
DA:15,1
DA:16,1
LF:16
LH:16
BRDA:1,0,0,1
BRDA:1,1,0,1
BRF:2
BRH:2
end_of_record
TN:
SF:src\config\redisConfig.js
FN:1,Object.<anonymous>
FNF:1
FNH:1
FNDA:1,Object.<anonymous>
DA:1,1
DA:2,1
DA:3,1
DA:4,1
DA:5,1
DA:6,1
DA:7,1
DA:8,1
DA:9,1
DA:10,1
DA:11,1
DA:12,1
DA:13,1
DA:14,1
DA:15,1
DA:16,1
DA:17,1
DA:18,1
DA:19,1
DA:20,1
DA:21,1
DA:22,1
DA:23,1
DA:24,1
LF:24
LH:24
BRDA:1,0,0,1
BRDA:1,1,0,1
BRF:2
BRH:2
end_of_record
TN:
SF:src\constant\payment.js
FN:1,Object.<anonymous>
FNF:1
FNH:1
FNDA:1,Object.<anonymous>
DA:1,1
DA:2,1
DA:3,1
DA:4,1
DA:5,1
DA:6,1
LF:6
LH:6
BRDA:1,0,0,1
BRDA:1,1,0,1
BRF:2
BRH:2
end_of_record
TN:
SF:src\constant\roles.js
FN:1,Object.<anonymous>
FNF:1
FNH:1
FNDA:1,Object.<anonymous>
DA:1,1
DA:2,1
DA:3,1
DA:4,1
DA:5,1
DA:6,1
LF:6
LH:6
BRDA:1,0,0,1
BRDA:1,1,0,1
BRF:2
BRH:2
end_of_record
TN:
SF:src\constant\user.js
FNF:0
FNH:0
DA:1,1
DA:2,1
DA:3,1
DA:4,1
DA:5,1
DA:6,1
LF:6
LH:6
BRF:0
BRH:0
end_of_record
TN:
SF:src\controller\bookingController.js
FN:15,_callee
FN:15,_callee$
FN:90,_callee2
FN:126,_callee3
FN:126,_callee3$
FN:176,_callee4
FN:176,_callee4$
FN:214,_callee5
FN:214,_callee5$
FNF:9
FNH:8
FNDA:9,_callee
FNDA:30,_callee$
FNDA:0,_callee2
FNDA:6,_callee3
FNDA:13,_callee3$
FNDA:3,_callee4
FNDA:8,_callee4$
FNDA:3,_callee5
FNDA:12,_callee5$
DA:1,1
DA:2,1
DA:3,1
DA:4,1
DA:5,1
DA:6,1
DA:7,1
DA:8,1
DA:9,1
DA:10,1
DA:11,1
DA:12,1
DA:13,1
DA:14,1
DA:15,1
DA:16,9
DA:17,9
DA:18,9
DA:19,9
DA:20,9
DA:21,9
DA:22,9
DA:23,9
DA:24,3
DA:25,0
DA:26,1
DA:27,1
DA:28,1
DA:29,3
DA:30,3
DA:31,3
DA:32,3
DA:33,3
DA:34,3
DA:35,3
DA:36,1
DA:37,2
DA:38,2
DA:39,2
DA:40,2
DA:41,2
DA:42,2
DA:43,2
DA:44,2
DA:45,2
DA:46,2
DA:47,2
DA:48,2
DA:49,1
DA:50,1
DA:51,1
DA:52,1
DA:53,1
DA:54,1
DA:55,1
DA:56,1
DA:57,1
DA:58,1
DA:59,1
DA:60,1
DA:61,1
DA:62,1
DA:63,1
DA:64,1
DA:65,1
DA:66,2
DA:67,2
DA:68,2
DA:69,2
DA:70,2
DA:71,2
DA:72,2
DA:73,2
DA:74,2
DA:75,2
DA:76,2
DA:77,2
DA:78,2
DA:79,2
DA:80,2
DA:81,2
DA:82,2
DA:83,2
DA:84,2
DA:85,7
DA:86,7
DA:87,1
DA:88,1
DA:89,1
DA:90,1
DA:91,0
DA:92,0
DA:93,0
DA:94,0
DA:95,0
DA:96,0
DA:97,0
DA:98,0
DA:99,0
DA:100,0
DA:101,0
DA:102,0
DA:103,0
DA:104,0
DA:105,0
DA:106,0
DA:107,0
DA:108,0
DA:109,0
DA:110,0
DA:111,0
DA:112,0
DA:113,0
DA:114,0
DA:115,0
DA:116,0
DA:117,0
DA:118,0
DA:119,0
DA:120,0
DA:121,0
DA:122,0
DA:123,1
DA:124,1
DA:125,1
DA:126,1
DA:127,6
DA:128,6
DA:129,6
DA:130,6
DA:131,6
DA:132,6
DA:133,6
DA:134,6
DA:135,6
DA:136,6
DA:137,6
DA:138,6
DA:139,6
DA:140,6
DA:141,6
DA:142,6
DA:143,6
DA:144,1
DA:145,6
DA:146,6
DA:147,6
DA:148,6
DA:149,6
DA:150,1
DA:151,2
DA:152,2
DA:153,2
DA:154,2
DA:155,2
DA:156,2
DA:157,2
DA:158,2
DA:159,1
DA:160,1
DA:161,1
DA:162,1
DA:163,1
DA:164,1
DA:165,1
DA:166,1
DA:167,1
DA:168,1
DA:169,1
DA:170,1
DA:171,5
DA:172,5
DA:173,1
DA:174,1
DA:175,1
DA:176,1
DA:177,3
DA:178,3
DA:179,3
DA:180,3
DA:181,3
DA:182,3
DA:183,3
DA:184,3
DA:185,2
DA:186,2
DA:187,2
DA:188,1
DA:189,1
DA:190,1
DA:191,1
DA:192,1
DA:193,1
DA:194,1
DA:195,1
DA:196,1
DA:197,1
DA:198,1
DA:199,1
DA:200,1
DA:201,1
DA:202,1
DA:203,1
DA:204,1
DA:205,1
DA:206,1
DA:207,1
DA:208,1
DA:209,2
DA:210,2
DA:211,1
DA:212,1
DA:213,1
DA:214,1
DA:215,3
DA:216,3
DA:217,3
DA:218,3
DA:219,3
DA:220,3
DA:221,3
DA:222,3
DA:223,3
DA:224,3
DA:225,2
DA:226,1
DA:227,1
DA:228,1
DA:229,1
DA:230,1
DA:231,1
DA:232,1
DA:233,1
DA:234,1
DA:235,1
DA:236,1
DA:237,1
DA:238,1
DA:239,1
DA:240,1
DA:241,1
DA:242,1
DA:243,1
DA:244,1
DA:245,1
DA:246,1
DA:247,130
DA:248,130
DA:249,1
DA:250,1
DA:251,1
DA:252,1
DA:253,1
DA:254,1
DA:255,1
DA:256,1
DA:257,1
DA:258,1
DA:259,1
DA:260,2
DA:261,2
DA:262,1
DA:263,1
DA:264,1
DA:265,1
DA:266,1
LF:266
LH:233
BRDA:15,0,0,1
BRDA:15,1,0,9
BRDA:15,2,0,30
BRDA:15,3,0,39
BRDA:15,4,0,9
BRDA:24,5,0,3
BRDA:24,6,0,0
BRDA:26,7,0,1
BRDA:29,8,0,3
BRDA:35,9,0,3
BRDA:35,10,0,2
BRDA:35,11,0,1
BRDA:37,12,0,2
BRDA:48,13,0,1
BRDA:64,14,0,1
BRDA:66,15,0,2
BRDA:70,16,0,2
BRDA:78,17,0,2
BRDA:83,18,0,1
BRDA:85,19,0,7
BRDA:90,20,0,1
BRDA:126,21,0,1
BRDA:126,22,0,6
BRDA:126,23,0,13
BRDA:126,24,0,6
BRDA:133,25,0,5
BRDA:134,26,0,2
BRDA:135,27,0,2
BRDA:142,28,0,0
BRDA:143,29,0,1
BRDA:143,30,0,0
BRDA:144,31,0,1
BRDA:145,32,0,0
BRDA:145,33,0,1
BRDA:150,34,0,1
BRDA:166,35,0,0
BRDA:167,36,0,0
BRDA:168,37,0,0
BRDA:171,38,0,5
BRDA:150,39,0,2
BRDA:176,40,0,1
BRDA:176,41,0,3
BRDA:176,42,0,8
BRDA:176,43,0,9
BRDA:176,44,0,3
BRDA:185,45,0,2
BRDA:187,46,0,1
BRDA:189,47,0,1
BRDA:209,48,0,2
BRDA:214,49,0,1
BRDA:214,50,0,3
BRDA:214,51,0,12
BRDA:214,52,0,13
BRDA:214,53,0,3
BRDA:225,54,0,2
BRDA:225,55,0,1
BRDA:227,56,0,1
BRDA:229,57,0,1
BRDA:246,58,0,130
BRDA:247,59,0,12
BRDA:247,60,0,7
BRDA:250,61,0,1
BRDA:254,62,0,1
BRDA:257,63,0,1
BRDA:260,64,0,2
BRF:65
BRH:58
end_of_record
TN:
SF:src\controller\fieldController.js
FN:12,_callee
FN:12,_callee$
FN:35,_callee2
FN:35,_callee2$
FN:62,_callee3
FN:62,_callee3$
FN:92,_callee4
FN:92,_callee4$
FN:135,_callee7
FN:135,_callee7$
FN:154,_callee6
FN:154,_callee6$
FN:157,_callee5
FN:157,_callee5$
FNF:14
FNH:14
FNDA:1,_callee
FNDA:3,_callee$
FNDA:1,_callee2
FNDA:3,_callee2$
FNDA:4,_callee3
FNDA:10,_callee3$
FNDA:4,_callee4
FNDA:12,_callee4$
FNDA:5,_callee7
FNDA:19,_callee7$
FNDA:1,_callee6
FNDA:3,_callee6$
FNDA:1,_callee5
FNDA:3,_callee5$
DA:1,1
DA:2,1
DA:3,1
DA:4,1
DA:5,1
DA:6,1
DA:7,1
DA:8,1
DA:9,1
DA:10,1
DA:11,1
DA:12,1
DA:13,1
DA:14,1
DA:15,1
DA:16,1
DA:17,1
DA:18,3
DA:19,3
DA:20,3
DA:21,3
DA:22,3
DA:23,3
DA:24,3
DA:25,3
DA:26,1
DA:27,1
DA:28,1
DA:29,1
DA:30,0
DA:31,0
DA:32,1
DA:33,1
DA:34,1
DA:35,1
DA:36,1
DA:37,1
DA:38,1
DA:39,1
DA:40,1
DA:41,1
DA:42,1
DA:43,0
DA:44,1
DA:45,1
DA:46,1
DA:47,1
DA:48,1
DA:49,1
DA:50,1
DA:51,1
DA:52,1
DA:53,1
DA:54,1
DA:55,1
DA:56,1
DA:57,0
DA:58,0
DA:59,1
DA:60,1
DA:61,1
DA:62,1
DA:63,4
DA:64,4
DA:65,4
DA:66,4
DA:67,4
DA:68,4
DA:69,4
DA:70,4
DA:71,4
DA:72,4
DA:73,4
DA:74,4
DA:75,2
DA:76,2
DA:77,1
DA:78,1
DA:79,1
DA:80,1
DA:81,1
DA:82,1
DA:83,1
DA:84,1
DA:85,1
DA:86,1
DA:87,3
DA:88,3
DA:89,1
DA:90,1
DA:91,1
DA:92,1
DA:93,4
DA:94,4
DA:95,4
DA:96,4
DA:97,4
DA:98,4
DA:99,4
DA:100,4
DA:101,4
DA:102,4
DA:103,1
DA:104,0
DA:105,1
DA:106,1
DA:107,1
DA:108,1
DA:109,1
DA:110,1
DA:111,1
DA:112,1
DA:113,1
DA:114,1
DA:115,1
DA:116,1
DA:117,1
DA:118,1
DA:119,1
DA:120,1
DA:121,1
DA:122,1
DA:123,1
DA:124,1
DA:125,1
DA:126,1
DA:127,1
DA:128,1
DA:129,1
DA:130,3
DA:131,3
DA:132,1
DA:133,1
DA:134,1
DA:135,1
DA:136,5
DA:137,5
DA:138,5
DA:139,5
DA:140,5
DA:141,5
DA:142,5
DA:143,5
DA:144,5
DA:145,5
DA:146,1
DA:147,0
DA:148,1
DA:149,1
DA:150,1
DA:151,1
DA:152,1
DA:153,1
DA:154,1
DA:155,1
DA:156,1
DA:157,1
DA:158,1
DA:159,0
DA:160,0
DA:161,1
DA:162,1
DA:163,1
DA:164,1
DA:165,1
DA:166,1
DA:167,1
DA:168,1
DA:169,1
DA:170,1
DA:171,1
DA:172,1
DA:173,1
DA:174,1
DA:175,1
DA:176,2
DA:177,2
DA:178,2
DA:179,2
DA:180,2
DA:181,2
DA:182,2
DA:183,2
DA:184,2
DA:185,2
DA:186,2
DA:187,1
DA:188,1
DA:189,1
DA:190,1
DA:191,1
DA:192,1
DA:193,1
DA:194,1
DA:195,1
DA:196,1
DA:197,1
DA:198,1
DA:199,4
DA:200,4
DA:201,1
DA:202,1
DA:203,1
DA:204,1
DA:205,1
LF:205
LH:196
BRDA:12,0,0,1
BRDA:12,1,0,1
BRDA:12,2,0,3
BRDA:12,3,0,1
BRDA:17,4,0,1
BRDA:30,5,0,0
BRDA:17,6,0,3
BRDA:35,7,0,1
BRDA:35,8,0,1
BRDA:35,9,0,3
BRDA:35,10,0,4
BRDA:35,11,0,1
BRDA:40,12,0,1
BRDA:42,13,0,0
BRDA:44,14,0,1
BRDA:57,15,0,0
BRDA:62,16,0,1
BRDA:62,17,0,4
BRDA:62,18,0,10
BRDA:62,19,0,11
BRDA:62,20,0,4
BRDA:75,21,0,2
BRDA:76,22,0,1
BRDA:78,23,0,1
BRDA:87,24,0,3
BRDA:82,25,0,1
BRDA:92,26,0,1
BRDA:92,27,0,4
BRDA:92,28,0,12
BRDA:92,29,0,14
BRDA:92,30,0,4
BRDA:103,31,0,1
BRDA:103,32,0,0
BRDA:105,33,0,1
BRDA:108,34,0,1
BRDA:117,35,0,1
BRDA:127,36,0,1
BRDA:130,37,0,3
BRDA:135,38,0,1
BRDA:135,39,0,5
BRDA:135,40,0,19
BRDA:135,41,0,25
BRDA:135,42,0,5
BRDA:146,43,0,1
BRDA:146,44,0,0
BRDA:148,45,0,1
BRDA:151,46,0,1
BRDA:166,47,0,1
BRDA:166,48,0,1
BRDA:170,49,0,1
BRDA:173,50,0,1
BRDA:175,51,0,3
BRDA:175,52,0,1
BRDA:175,53,0,2
BRDA:177,54,0,2
BRDA:187,55,0,1
BRDA:196,56,0,0
BRDA:199,57,0,4
BRDA:154,58,0,5
BRDA:154,59,0,1
BRDA:154,60,0,3
BRDA:154,61,0,1
BRDA:157,62,0,1
BRDA:157,63,0,1
BRDA:157,64,0,3
BRDA:157,65,0,4
BRDA:157,66,0,1
BRDA:158,67,0,0
BRDA:161,68,0,1
BRDA:173,69,0,2
BRF:70
BRH:63
end_of_record
TN:
SF:src\controller\userController.js
FN:27,_callee
FN:27,_callee$
FN:62,_callee2
FN:62,_callee2$
FN:117,loginGoogle
FN:125,_callee3
FN:165,_callee4
FN:165,_callee4$
FN:195,_callee5
FN:195,_callee5$
FN:220,_callee6
FN:220,_callee6$
FNF:12
FNH:10
FNDA:5,_callee
FNDA:15,_callee$
FNDA:3,_callee2
FNDA:14,_callee2$
FNDA:0,loginGoogle
FNDA:0,_callee3
FNDA:6,_callee4
FNDA:17,_callee4$
FNDA:1,_callee5
FNDA:5,_callee5$
FNDA:3,_callee6
FNDA:11,_callee6$
DA:1,1
DA:2,1
DA:3,1
DA:4,1
DA:5,1
DA:6,1
DA:7,1
DA:8,1
DA:9,1
DA:10,1
DA:11,1
DA:12,1
DA:13,1
DA:14,1
DA:15,1
DA:16,1
DA:17,1
DA:18,1
DA:19,1
DA:20,1
DA:21,1
DA:22,1
DA:23,1
DA:24,1
DA:25,1
DA:26,1
DA:27,1
DA:28,5
DA:29,5
DA:30,5
DA:31,5
DA:32,5
DA:33,5
DA:34,2
DA:35,1
DA:36,1
DA:37,1
DA:38,1
DA:39,1
DA:40,1
DA:41,0
DA:42,1
DA:43,1
DA:44,1
DA:45,1
DA:46,1
DA:47,1
DA:48,1
DA:49,1
DA:50,1
DA:51,1
DA:52,1
DA:53,1
DA:54,1
DA:55,1
DA:56,1
DA:57,4
DA:58,4
DA:59,1
DA:60,1
DA:61,1
DA:62,1
DA:63,3
DA:64,3
DA:65,3
DA:66,18
DA:67,1
DA:68,2
DA:69,2
DA:70,2
DA:71,2
DA:72,2
DA:73,18
DA:74,1
DA:75,1
DA:76,1
DA:77,1
DA:78,1
DA:79,1
DA:80,1
DA:81,1
DA:82,1
DA:83,1
DA:84,1
DA:85,1
DA:86,1
DA:87,1
DA:88,1
DA:89,1
DA:90,1
DA:91,1
DA:92,1
DA:93,1
DA:94,1
DA:95,1
DA:96,1
DA:97,0
DA:98,0
DA:99,0
DA:100,0
DA:101,0
DA:102,0
DA:103,0
DA:104,0
DA:105,0
DA:106,0
DA:107,1
DA:108,1
DA:109,1
DA:110,18
DA:111,1
DA:112,2
DA:113,2
DA:114,1
DA:115,1
DA:116,1
DA:117,1
DA:118,0
DA:119,0
DA:120,0
DA:121,0
DA:122,0
DA:123,1
DA:124,1
DA:125,1
DA:126,0
DA:127,0
DA:128,0
DA:129,0
DA:130,0
DA:131,0
DA:132,0
DA:133,0
DA:134,0
DA:135,0
DA:136,0
DA:137,0
DA:138,0
DA:139,0
DA:140,0
DA:141,0
DA:142,0
DA:143,0
DA:144,0
DA:145,0
DA:146,0
DA:147,0
DA:148,0
DA:149,0
DA:150,0
DA:151,0
DA:152,0
DA:153,0
DA:154,0
DA:155,0
DA:156,0
DA:157,0
DA:158,0
DA:159,0
DA:160,0
DA:161,0
DA:162,1
DA:163,1
DA:164,1
DA:165,1
DA:166,6
DA:167,6
DA:168,6
DA:169,6
DA:170,6
DA:171,6
DA:172,3
DA:173,1
DA:174,2
DA:175,2
DA:176,2
DA:177,2
DA:178,2
DA:179,1
DA:180,1
DA:181,1
DA:182,1
DA:183,1
DA:184,1
DA:185,1
DA:186,1
DA:187,1
DA:188,1
DA:189,1
DA:190,5
DA:191,5
DA:192,1
DA:193,1
DA:194,1
DA:195,1
DA:196,1
DA:197,1
DA:198,1
DA:199,1
DA:200,1
DA:201,1
DA:202,1
DA:203,1
DA:204,1
DA:205,1
DA:206,1
DA:207,1
DA:208,1
DA:209,1
DA:210,1
DA:211,1
DA:212,1
DA:213,1
DA:214,1
DA:215,0
DA:216,0
DA:217,1
DA:218,1
DA:219,1
DA:220,1
DA:221,3
DA:222,3
DA:223,3
DA:224,3
DA:225,3
DA:226,3
DA:227,3
DA:228,3
DA:229,2
DA:230,1
DA:231,1
DA:232,1
DA:233,1
DA:234,1
DA:235,1
DA:236,1
DA:237,1
DA:238,1
DA:239,1
DA:240,1
DA:241,1
DA:242,1
DA:243,1
DA:244,1
DA:245,1
DA:246,1
DA:247,1
DA:248,1
DA:249,1
DA:250,1
DA:251,1
DA:252,1
DA:253,1
DA:254,1
DA:255,1
DA:256,1
DA:257,1
DA:258,1
DA:259,2
DA:260,2
DA:261,1
DA:262,1
DA:263,1
DA:264,1
DA:265,1
LF:265
LH:211
BRDA:27,0,0,1
BRDA:27,1,0,5
BRDA:27,2,0,15
BRDA:27,3,0,17
BRDA:27,4,0,5
BRDA:34,5,0,2
BRDA:34,6,0,1
BRDA:36,7,0,1
BRDA:40,8,0,1
BRDA:40,9,0,0
BRDA:42,10,0,1
BRDA:49,11,0,1
BRDA:52,12,0,1
BRDA:57,13,0,4
BRDA:62,14,0,1
BRDA:62,15,0,3
BRDA:62,16,0,14
BRDA:62,17,0,18
BRDA:62,18,0,3
BRDA:65,19,0,2
BRDA:65,20,0,2
BRDA:65,21,0,1
BRDA:66,22,0,1
BRDA:68,23,0,2
BRDA:72,24,0,2
BRDA:72,25,0,1
BRDA:73,26,0,1
BRDA:75,27,0,1
BRDA:77,28,0,1
BRDA:90,29,0,1
BRDA:95,30,0,1
BRDA:96,31,0,0
BRDA:101,32,0,0
BRDA:107,33,0,1
BRDA:110,34,0,1
BRDA:112,35,0,2
BRDA:125,36,0,1
BRDA:165,37,0,1
BRDA:165,38,0,6
BRDA:165,39,0,17
BRDA:165,40,0,21
BRDA:165,41,0,6
BRDA:172,42,0,3
BRDA:172,43,0,2
BRDA:172,44,0,1
BRDA:174,45,0,2
BRDA:178,46,0,2
BRDA:178,47,0,1
BRDA:180,48,0,1
BRDA:184,49,0,1
BRDA:190,50,0,5
BRDA:195,51,0,1
BRDA:195,52,0,1
BRDA:195,53,0,5
BRDA:195,54,0,6
BRDA:195,55,0,1
BRDA:202,56,0,1
BRDA:204,57,0,1
BRDA:210,58,0,1
BRDA:212,59,0,1
BRDA:215,60,0,0
BRDA:220,61,0,1
BRDA:220,62,0,3
BRDA:220,63,0,11
BRDA:220,64,0,13
BRDA:220,65,0,3
BRDA:229,66,0,2
BRDA:229,67,0,1
BRDA:231,68,0,1
BRDA:239,69,0,1
BRDA:250,70,0,1
BRDA:252,71,0,1
BRDA:256,72,0,1
BRDA:259,73,0,2
BRF:74
BRH:70
end_of_record
TN:
SF:src\exception\DatabaseError.js
FN:1,Object.<anonymous>
FNF:1
FNH:1
FNDA:1,Object.<anonymous>
DA:1,1
DA:2,1
DA:3,1
DA:4,1
DA:5,1
DA:6,1
DA:7,1
DA:8,1
DA:9,1
DA:10,1
DA:11,1
LF:11
LH:11
BRDA:1,0,0,1
BRDA:1,1,0,1
BRF:2
BRH:2
end_of_record
TN:
SF:src\exception\OauthError.js
FN:1,Object.<anonymous>
FNF:1
FNH:1
FNDA:1,Object.<anonymous>
DA:1,1
DA:2,1
DA:3,1
DA:4,1
DA:5,1
DA:6,1
DA:7,1
DA:8,1
LF:8
LH:8
BRDA:1,0,0,1
BRDA:1,1,0,1
BRF:2
BRH:2
end_of_record
TN:
SF:src\exception\ValidationError.js
FN:1,Object.<anonymous>
FNF:1
FNH:1
FNDA:1,Object.<anonymous>
DA:1,1
DA:2,1
DA:3,1
DA:4,1
DA:5,1
DA:6,1
DA:7,1
DA:8,1
DA:9,1
DA:10,1
LF:10
LH:10
BRDA:1,0,0,1
BRDA:1,1,0,1
BRF:2
BRH:2
end_of_record
TN:
SF:src\middleware\checkToken.js
FN:5,checkToken
FN:5,_callee
FN:5,_callee$
FNF:3
FNH:3
FNDA:10,checkToken
FNDA:2,_callee
FNDA:5,_callee$
DA:1,1
DA:2,1
DA:3,1
DA:4,1
DA:5,1
DA:6,2
DA:7,2
DA:8,2
DA:9,0
DA:10,2
DA:11,2
DA:12,2
DA:13,2
DA:14,2
DA:15,2
DA:16,2
DA:17,2
DA:18,1
DA:19,1
DA:20,1
DA:21,1
DA:22,1
DA:23,1
DA:24,1
DA:25,1
DA:26,0
DA:27,0
DA:28,1
DA:29,1
DA:30,1
DA:31,1
DA:32,0
DA:33,1
DA:34,1
DA:35,1
DA:36,1
DA:37,1
DA:38,1
DA:39,1
DA:40,1
DA:41,1
DA:42,10
DA:43,10
DA:44,1
DA:45,1
LF:45
LH:41
BRDA:5,0,0,10
BRDA:5,1,0,15
BRDA:5,2,0,10
BRDA:5,3,0,2
BRDA:5,4,0,5
BRDA:5,5,0,11
BRDA:5,6,0,2
BRDA:8,7,0,0
BRDA:10,8,0,2
BRDA:17,9,0,2
BRDA:17,10,0,1
BRDA:19,11,0,1
BRDA:26,12,0,0
BRDA:28,13,0,1
BRDA:31,14,0,0
BRDA:33,15,0,1
BRDA:40,16,0,1
BRF:17
BRH:14
end_of_record
TN:
SF:src\middleware\errorHandler.js
FN:7,errorHandler
FNF:1
FNH:1
FNDA:14,errorHandler
DA:1,1
DA:2,1
DA:3,1
DA:4,1
DA:5,1
DA:6,1
DA:7,1
DA:8,14
DA:9,8
DA:10,1
DA:11,1
DA:12,7
DA:13,7
DA:14,6
DA:15,6
DA:16,6
DA:17,1
DA:18,1
DA:19,5
DA:20,5
DA:21,0
DA:22,0
DA:23,0
DA:24,0
DA:25,0
DA:26,0
DA:27,0
DA:28,0
DA:29,0
DA:30,1
DA:31,1
LF:31
LH:22
BRDA:7,0,0,14
BRDA:8,1,0,8
BRDA:9,2,0,1
BRDA:11,3,0,7
BRDA:13,4,0,6
BRDA:16,5,0,1
BRDA:18,6,0,5
BRDA:20,7,0,0
BRF:8
BRH:7
end_of_record
TN:
SF:src\model\mongodb\bookingModel.js
FN:1,Object.<anonymous>
FNF:1
FNH:1
FNDA:1,Object.<anonymous>
DA:1,1
DA:2,1
DA:3,1
DA:4,1
DA:5,1
DA:6,1
DA:7,1
DA:8,1
DA:9,1
DA:10,1
DA:11,1
DA:12,1
DA:13,1
DA:14,1
DA:15,1
DA:16,1
DA:17,1
DA:18,1
DA:19,1
DA:20,1
DA:21,1
DA:22,1
DA:23,1
DA:24,1
DA:25,1
DA:26,1
DA:27,1
DA:28,1
DA:29,1
DA:30,1
DA:31,1
DA:32,1
DA:33,1
DA:34,1
DA:35,1
DA:36,1
DA:37,1
DA:38,1
DA:39,1
DA:40,1
DA:41,1
DA:42,1
DA:43,1
DA:44,1
DA:45,1
DA:46,1
DA:47,1
DA:48,1
DA:49,1
DA:50,1
DA:51,1
DA:52,1
DA:53,1
DA:54,1
DA:55,1
LF:55
LH:55
BRDA:1,0,0,1
BRDA:1,1,0,1
BRF:2
BRH:2
end_of_record
TN:
SF:src\model\mongodb\deletedBookingModel.js
FN:1,Object.<anonymous>
FNF:1
FNH:1
FNDA:1,Object.<anonymous>
DA:1,1
DA:2,1
DA:3,1
DA:4,1
DA:5,1
DA:6,1
DA:7,1
DA:8,1
DA:9,1
DA:10,1
DA:11,1
DA:12,1
DA:13,1
DA:14,1
DA:15,1
DA:16,1
DA:17,1
DA:18,1
DA:19,1
DA:20,1
DA:21,1
DA:22,1
DA:23,1
DA:24,1
DA:25,1
DA:26,1
DA:27,1
DA:28,1
DA:29,1
DA:30,1
DA:31,1
DA:32,1
DA:33,1
DA:34,1
DA:35,1
DA:36,1
DA:37,1
DA:38,1
DA:39,1
DA:40,1
DA:41,1
DA:42,1
DA:43,1
DA:44,1
DA:45,1
DA:46,1
DA:47,1
DA:48,1
DA:49,1
DA:50,1
DA:51,1
DA:52,1
DA:53,1
DA:54,1
DA:55,1
LF:55
LH:55
BRDA:1,0,0,1
BRDA:1,1,0,1
BRF:2
BRH:2
end_of_record
TN:
SF:src\model\mongodb\fieldModel.js
FN:1,Object.<anonymous>
FNF:1
FNH:1
FNDA:1,Object.<anonymous>
DA:1,1
DA:2,1
DA:3,1
DA:4,1
DA:5,1
DA:6,1
DA:7,1
DA:8,1
DA:9,1
DA:10,1
DA:11,1
DA:12,1
DA:13,1
DA:14,1
DA:15,1
DA:16,1
DA:17,1
DA:18,1
DA:19,1
DA:20,1
DA:21,1
DA:22,1
DA:23,1
DA:24,1
DA:25,1
DA:26,1
DA:27,1
DA:28,1
DA:29,1
DA:30,1
DA:31,1
DA:32,1
DA:33,1
DA:34,1
DA:35,1
DA:36,1
DA:37,1
DA:38,1
DA:39,1
DA:40,1
LF:40
LH:40
BRDA:1,0,0,1
BRDA:1,1,0,1
BRF:2
BRH:2
end_of_record
TN:
SF:src\model\mongodb\reviewsModel.js
FN:1,Object.<anonymous>
FNF:1
FNH:1
FNDA:1,Object.<anonymous>
DA:1,1
DA:2,1
DA:3,1
DA:4,1
DA:5,1
DA:6,1
DA:7,1
DA:8,1
DA:9,1
DA:10,1
DA:11,1
DA:12,1
DA:13,1
DA:14,1
DA:15,1
DA:16,1
DA:17,1
DA:18,1
DA:19,1
DA:20,1
DA:21,1
DA:22,1
DA:23,1
DA:24,1
DA:25,1
DA:26,1
DA:27,1
DA:28,1
LF:28
LH:28
BRDA:1,0,0,1
BRDA:1,1,0,1
BRF:2
BRH:2
end_of_record
TN:
SF:src\model\mongodb\userModel.js
FN:1,Object.<anonymous>
FNF:1
FNH:1
FNDA:1,Object.<anonymous>
DA:1,1
DA:2,1
DA:3,1
DA:4,1
DA:5,1
DA:6,1
DA:7,1
DA:8,1
DA:9,1
DA:10,1
DA:11,1
DA:12,1
DA:13,1
DA:14,1
DA:15,1
DA:16,1
DA:17,1
DA:18,1
DA:19,1
DA:20,1
DA:21,1
DA:22,1
DA:23,1
DA:24,1
DA:25,1
DA:26,1
DA:27,1
DA:28,1
DA:29,1
DA:30,1
DA:31,1
DA:32,1
DA:33,1
DA:34,1
DA:35,1
DA:36,1
DA:37,1
DA:38,1
DA:39,1
DA:40,1
DA:41,1
DA:42,1
DA:43,1
DA:44,1
DA:45,1
DA:46,1
DA:47,1
DA:48,1
DA:49,1
DA:50,1
DA:51,1
DA:52,1
DA:53,1
DA:54,1
DA:55,1
DA:56,1
DA:57,1
DA:58,1
DA:59,1
DA:60,1
DA:61,1
DA:62,1
DA:63,1
DA:64,1
DA:65,1
DA:66,1
LF:66
LH:66
BRDA:1,0,0,1
BRDA:1,1,0,1
BRF:2
BRH:2
end_of_record
TN:
SF:src\model\mongodb\userTempModel.js
FN:1,Object.<anonymous>
FNF:1
FNH:1
FNDA:1,Object.<anonymous>
DA:1,1
DA:2,1
DA:3,1
DA:4,1
DA:5,1
DA:6,1
DA:7,1
DA:8,1
DA:9,1
DA:10,1
DA:11,1
DA:12,1
DA:13,1
DA:14,1
DA:15,1
DA:16,1
DA:17,1
DA:18,1
DA:19,1
DA:20,1
DA:21,1
DA:22,1
DA:23,1
DA:24,1
DA:25,1
DA:26,1
DA:27,1
DA:28,1
DA:29,1
DA:30,1
DA:31,1
DA:32,1
DA:33,1
DA:34,1
DA:35,1
DA:36,1
DA:37,1
DA:38,1
DA:39,1
DA:40,1
DA:41,1
DA:42,1
DA:43,1
DA:44,1
DA:45,1
DA:46,1
DA:47,1
DA:48,1
DA:49,1
DA:50,1
DA:51,1
DA:52,1
DA:53,1
DA:54,1
DA:55,1
DA:56,1
DA:57,1
DA:58,1
DA:59,1
DA:60,1
DA:61,1
DA:62,1
DA:63,1
DA:64,1
DA:65,1
DA:66,1
DA:67,1
DA:68,1
DA:69,1
DA:70,1
DA:71,1
DA:72,1
DA:73,1
LF:73
LH:73
BRDA:1,0,0,1
BRDA:1,1,0,1
BRF:2
BRH:2
end_of_record
TN:
SF:src\model\redis\ConnectedWsUserRepository.js
FN:1,Object.<anonymous>
FNF:1
FNH:1
FNDA:1,Object.<anonymous>
DA:1,1
DA:2,1
DA:3,1
DA:4,1
DA:5,1
DA:6,1
DA:7,1
DA:8,1
DA:9,1
DA:10,1
DA:11,1
DA:12,1
DA:13,1
DA:14,1
DA:15,1
LF:15
LH:15
BRDA:1,0,0,1
BRDA:1,1,0,1
BRF:2
BRH:2
end_of_record
TN:
SF:src\model\redis\bookedScheduleRepository.js
FNF:0
FNH:0
DA:1,1
DA:2,1
DA:3,1
DA:4,1
DA:5,1
DA:6,1
DA:7,1
DA:8,1
DA:9,1
DA:10,1
DA:11,1
DA:12,1
DA:13,1
DA:14,1
DA:15,1
DA:16,1
DA:17,1
DA:18,1
DA:19,1
DA:20,1
DA:21,1
LF:21
LH:21
BRF:0
BRH:0
end_of_record
TN:
SF:src\model\redis\refreshTokenRepository.js
FNF:0
FNH:0
DA:1,1
DA:2,1
DA:3,1
DA:4,1
DA:5,1
DA:6,1
DA:7,1
DA:8,1
DA:9,1
DA:10,1
DA:11,1
DA:12,1
DA:13,1
DA:14,1
DA:15,1
DA:16,1
DA:17,1
DA:18,1
DA:19,1
DA:20,1
DA:21,1
DA:22,1
DA:23,1
DA:24,1
DA:25,1
DA:26,1
DA:27,1
DA:28,1
DA:29,1
DA:30,1
DA:31,1
DA:32,1
DA:33,1
DA:34,1
DA:35,1
DA:36,1
DA:37,1
DA:38,1
DA:39,1
LF:39
LH:39
BRF:0
BRH:0
end_of_record
TN:
SF:src\model\redis\reviewRepository.js
FNF:0
FNH:0
DA:1,1
DA:2,1
DA:3,1
DA:4,1
DA:5,1
DA:6,1
DA:7,1
DA:8,1
DA:9,1
DA:10,1
DA:11,1
DA:12,1
DA:13,1
DA:14,1
DA:15,1
DA:16,1
DA:17,1
DA:18,1
DA:19,1
DA:20,1
DA:21,1
DA:22,1
DA:23,1
DA:24,1
DA:25,1
DA:26,1
DA:27,1
LF:27
LH:27
BRF:0
BRH:0
end_of_record
TN:
SF:src\model\redis\tokenRepository.js
FNF:0
FNH:0
DA:1,1
DA:2,1
DA:3,1
DA:4,1
DA:5,1
DA:6,1
DA:7,1
DA:8,1
DA:9,1
DA:10,1
DA:11,1
DA:12,1
DA:13,1
DA:14,1
DA:15,1
DA:16,1
DA:17,1
DA:18,1
DA:19,1
DA:20,1
DA:21,1
DA:22,1
DA:23,1
DA:24,1
DA:25,1
DA:26,1
DA:27,1
LF:27
LH:27
BRF:0
BRH:0
end_of_record
TN:
SF:src\routes\bookingRoutes.js
FNF:0
FNH:0
DA:1,1
DA:2,1
DA:3,1
DA:4,1
DA:5,1
DA:6,1
DA:7,1
DA:8,1
DA:9,1
DA:10,1
DA:11,1
DA:12,1
DA:13,1
DA:14,1
LF:14
LH:14
BRF:0
BRH:0
end_of_record
TN:
SF:src\routes\fieldRoutes.js
FNF:0
FNH:0
DA:1,1
DA:2,1
DA:3,1
DA:4,1
DA:5,1
DA:6,1
DA:7,1
DA:8,1
DA:9,1
DA:10,1
DA:11,1
DA:12,1
DA:13,1
DA:14,1
LF:14
LH:14
BRF:0
BRH:0
end_of_record
TN:
SF:src\routes\userRoutes.js
FNF:0
FNH:0
DA:1,1
DA:2,1
DA:3,1
DA:4,1
DA:5,1
DA:6,1
DA:7,1
DA:8,1
DA:9,1
DA:10,1
DA:11,1
DA:12,1
DA:13,1
DA:14,1
DA:15,1
DA:16,1
LF:16
LH:16
BRF:0
BRH:0
end_of_record
TN:
SF:src\socket\wsMiddleware.js
FN:1,Object.<anonymous>
FN:20,_callee2
FNF:2
FNH:1
FNDA:1,Object.<anonymous>
FNDA:0,_callee2
DA:1,1
DA:2,1
DA:3,1
DA:4,1
DA:5,1
DA:6,1
DA:7,1
DA:8,1
DA:9,1
DA:10,1
DA:11,1
DA:12,1
DA:13,1
DA:14,1
DA:15,1
DA:16,1
DA:17,1
DA:18,1
DA:19,1
DA:20,1
DA:21,0
DA:22,0
DA:23,0
DA:24,0
DA:25,0
DA:26,0
DA:27,0
DA:28,0
DA:29,0
DA:30,0
DA:31,0
DA:32,0
DA:33,0
LF:33
LH:20
BRDA:1,0,0,1
BRDA:1,1,0,1
BRDA:16,2,0,1
BRF:3
BRH:3
end_of_record
TN:
SF:src\socket\wsSocket.js
FN:1,Object.<anonymous>
FN:16,wsSocket
FNF:2
FNH:1
FNDA:1,Object.<anonymous>
FNDA:0,wsSocket
DA:1,1
DA:2,1
DA:3,1
DA:4,1
DA:5,1
DA:6,1
DA:7,1
DA:8,1
DA:9,1
DA:10,1
DA:11,1
DA:12,1
DA:13,1
DA:14,1
DA:15,1
DA:16,1
DA:17,0
DA:18,0
DA:19,0
LF:19
LH:16
BRDA:1,0,0,1
BRDA:1,1,0,1
BRF:2
BRH:2
end_of_record
TN:
SF:src\utils\email.js
FN:1,Object.<anonymous>
FN:30,_callee
FNF:2
FNH:2
FNDA:1,Object.<anonymous>
FNDA:1,_callee
DA:1,1
DA:2,1
DA:3,1
DA:4,1
DA:5,1
DA:6,1
DA:7,1
DA:8,1
DA:9,1
DA:10,1
DA:11,1
DA:12,1
DA:13,1
DA:14,1
DA:15,1
DA:16,1
DA:17,1
DA:18,1
DA:19,1
DA:20,1
DA:21,1
DA:22,1
DA:23,1
DA:24,1
DA:25,1
DA:26,1
DA:27,1
DA:28,1
DA:29,1
DA:30,1
DA:31,1
DA:32,1
DA:33,1
LF:33
LH:33
BRDA:1,0,0,1
BRDA:1,1,0,1
BRDA:30,2,0,1
BRF:3
BRH:3
end_of_record
TN:
SF:src\utils\generateRandomString.js
FN:3,generateRandomString
FNF:1
FNH:1
FNDA:9,generateRandomString
DA:1,1
DA:2,1
DA:3,1
DA:4,9
DA:5,9
DA:6,9
DA:7,9
DA:8,1
DA:9,1
LF:9
LH:9
BRDA:3,0,0,9
BRF:1
BRH:1
end_of_record
TN:
SF:src\utils\googleApi.js
FN:1,Object.<anonymous>
FNF:1
FNH:1
FNDA:1,Object.<anonymous>
DA:1,1
DA:2,1
DA:3,1
DA:4,1
DA:5,1
DA:6,1
DA:7,1
DA:8,1
DA:9,1
DA:10,1
DA:11,1
DA:12,1
DA:13,1
DA:14,1
DA:15,1
DA:16,1
DA:17,1
LF:17
LH:17
BRDA:1,0,0,1
BRDA:1,1,0,1
BRF:2
BRH:2
end_of_record
TN:
SF:src\utils\jwtHelper.js
FN:1,Object.<anonymous>
FN:12,generateToken
FN:24,generateRefreshToken
FNF:3
FNH:3
FNDA:1,Object.<anonymous>
FNDA:4,generateToken
FNDA:3,generateRefreshToken
DA:1,1
DA:2,1
DA:3,1
DA:4,1
DA:5,1
DA:6,1
DA:7,1
DA:8,1
DA:9,1
DA:10,1
DA:11,1
DA:12,1
DA:13,4
DA:14,4
DA:15,4
DA:16,4
DA:17,4
DA:18,4
DA:19,4
DA:20,4
DA:21,4
DA:22,4
DA:23,4
DA:24,1
LF:24
LH:24
BRDA:1,0,0,1
BRDA:1,1,0,1
BRDA:12,2,0,4
BRDA:24,3,0,3
BRF:4
BRH:4
end_of_record
TN:
SF:src\utils\responseApi.js
FN:1,Object.<anonymous>
FN:4,success
FN:21,error
FN:32,badRequest
FNF:4
FNH:4
FNDA:1,Object.<anonymous>
FNDA:4,success
FNDA:5,error
FNDA:7,badRequest
DA:1,1
DA:2,1
DA:3,1
DA:4,1
DA:5,4
DA:6,4
DA:7,4
DA:8,4
DA:9,4
DA:10,0
DA:11,0
DA:12,4
DA:13,4
DA:14,4
DA:15,4
DA:16,4
DA:17,4
DA:18,4
DA:19,4
DA:20,4
DA:21,1
DA:22,5
DA:23,5
DA:24,5
DA:25,5
DA:26,0
DA:27,5
DA:28,5
DA:29,5
DA:30,5
DA:31,1
DA:32,1
DA:33,7
DA:34,7
DA:35,7
DA:36,7
LF:36
LH:33
BRDA:1,0,0,1
BRDA:1,1,0,1
BRDA:4,2,0,4
BRDA:7,3,0,1
BRDA:8,4,0,1
BRDA:9,5,0,3
BRDA:9,6,0,0
BRDA:12,7,0,0
BRDA:21,8,0,5
BRDA:25,9,0,0
BRDA:32,10,0,7
BRF:11
BRH:8
end_of_record
TN:
SF:src\utils\session.js
FN:10,_callee
FN:10,_callee$
FNF:2
FNH:2
FNDA:1,_callee
FNDA:6,_callee$
DA:1,1
DA:2,1
DA:3,1
DA:4,1
DA:5,1
DA:6,1
DA:7,1
DA:8,1
DA:9,1
DA:10,1
DA:11,1
DA:12,1
DA:13,1
DA:14,1
DA:15,1
DA:16,1
DA:17,1
DA:18,1
DA:19,1
DA:20,1
DA:21,1
DA:22,1
DA:23,1
DA:24,1
DA:25,1
DA:26,1
DA:27,1
DA:28,1
DA:29,1
DA:30,1
DA:31,1
DA:32,1
DA:33,1
DA:34,1
DA:35,1
DA:36,1
DA:37,1
DA:38,1
DA:39,1
DA:40,1
DA:41,1
DA:42,1
DA:43,1
DA:44,1
DA:45,1
DA:46,1
DA:47,1
LF:47
LH:47
BRDA:10,0,0,1
BRDA:10,1,0,1
BRDA:10,2,0,6
BRDA:10,3,0,1
BRDA:27,4,0,1
BRDA:29,5,0,1
BRDA:43,6,0,1
BRDA:45,7,0,1
BRF:8
BRH:8
end_of_record
TN:
SF:src\utils\userAgentHelper.js
FN:1,Object.<anonymous>
FN:7,getDeviceInfo
FNF:2
FNH:2
FNDA:1,Object.<anonymous>
FNDA:1,getDeviceInfo
DA:1,1
DA:2,1
DA:3,1
DA:4,1
DA:5,1
DA:6,1
DA:7,1
DA:8,1
DA:9,1
DA:10,1
DA:11,1
DA:12,1
DA:13,1
DA:14,1
DA:15,0
DA:16,0
DA:17,1
DA:18,0
DA:19,0
DA:20,1
DA:21,0
DA:22,1
DA:23,0
DA:24,0
DA:25,1
DA:26,0
DA:27,0
DA:28,1
DA:29,0
DA:30,0
DA:31,1
DA:32,0
DA:33,0
DA:34,1
DA:35,0
DA:36,0
DA:37,0
DA:38,0
DA:39,0
DA:40,0
DA:41,1
LF:41
LH:22
BRDA:1,0,0,1
BRDA:1,1,0,1
BRDA:7,2,0,1
BRDA:14,3,0,0
BRDA:18,4,0,0
BRDA:20,5,0,0
BRDA:22,6,0,0
BRDA:25,7,0,0
BRDA:28,8,0,0
BRDA:31,9,0,0
BRDA:34,10,0,0
BRF:11
BRH:3
end_of_record
TN:
SF:src\validation\bookingValidation.js
FN:1,Object.<anonymous>
FNF:1
FNH:1
FNDA:1,Object.<anonymous>
DA:1,1
DA:2,1
DA:3,1
DA:4,1
DA:5,1
DA:6,1
DA:7,1
DA:8,1
DA:9,1
DA:10,1
DA:11,1
DA:12,1
DA:13,1
DA:14,1
DA:15,1
DA:16,1
DA:17,1
DA:18,1
DA:19,1
DA:20,1
DA:21,1
DA:22,1
DA:23,1
DA:24,1
LF:24
LH:24
BRDA:1,0,0,1
BRDA:1,1,0,1
BRF:2
BRH:2
end_of_record
TN:
SF:src\validation\fieldValidation.js
FN:4,getBookedSchedule
FNF:1
FNH:1
FNDA:4,getBookedSchedule
DA:1,1
DA:2,1
DA:3,1
DA:4,1
DA:5,4
DA:6,4
DA:7,4
DA:8,1
DA:9,1
DA:10,1
DA:11,1
DA:12,1
DA:13,1
DA:14,1
DA:15,1
DA:16,1
DA:17,1
DA:18,1
DA:19,1
DA:20,1
DA:21,1
DA:22,1
DA:23,1
DA:24,1
LF:24
LH:24
BRDA:4,0,0,4
BRF:1
BRH:1
end_of_record
TN:
SF:src\validation\userValidation.js
FN:1,Object.<anonymous>
FNF:1
FNH:1
FNDA:1,Object.<anonymous>
DA:1,1
DA:2,1
DA:3,1
DA:4,1
DA:5,1
DA:6,1
DA:7,1
DA:8,1
DA:9,1
DA:10,1
DA:11,1
DA:12,1
DA:13,1
DA:14,1
DA:15,1
DA:16,1
DA:17,1
DA:18,1
DA:19,1
DA:20,1
DA:21,1
DA:22,1
DA:23,1
DA:24,1
LF:24
LH:24
BRDA:1,0,0,1
BRDA:1,1,0,1
BRF:2
BRH:2
end_of_record
TN:
SF:src\validation\validate.js
FN:1,Object.<anonymous>
FN:11,validate
FNF:2
FNH:2
FNDA:1,Object.<anonymous>
FNDA:14,validate
DA:1,1
DA:2,1
DA:3,1
DA:4,1
DA:5,1
DA:6,1
DA:7,1
DA:8,1
DA:9,1
DA:10,1
DA:11,1
DA:12,14
DA:13,14
DA:14,14
DA:15,14
LF:15
LH:15
BRDA:1,0,0,1
BRDA:1,1,0,1
BRDA:11,2,0,14
BRF:3
BRH:3
end_of_record
TN:
SF:test\test-utils.js
FN:22,_callee
FN:22,_callee$
FN:36,_callee2
FN:36,_callee2$
FN:40,_callee3
FN:40,_callee3$
FN:91,_callee4
FN:91,_callee4$
FN:107,_callee5
FN:107,_callee5$
FN:118,_callee6
FN:118,_callee6$
FN:136,_callee7
FN:136,_callee7$
FN:144,_callee8
FN:144,_callee8$
FN:150,_callee9
FN:150,_callee9$
FN:165,_callee10
FN:165,_callee10$
FN:191,_callee11
FN:191,_callee11$
FNF:22
FNH:22
FNDA:1,_callee
FNDA:3,_callee$
FNDA:1,_callee2
FNDA:3,_callee2$
FNDA:2,_callee3
FNDA:14,_callee3$
FNDA:4,_callee4
FNDA:20,_callee4$
FNDA:3,_callee5
FNDA:20,_callee5$
FNDA:1,_callee6
FNDA:6,_callee6$
FNDA:1,_callee7
FNDA:3,_callee7$
FNDA:2,_callee8
FNDA:6,_callee8$
FNDA:9,_callee9
FNDA:33,_callee9$
FNDA:1,_callee10
FNDA:6,_callee10$
FNDA:1,_callee11
FNDA:2,_callee11$
DA:1,1
DA:2,1
DA:3,1
DA:4,1
DA:5,1
DA:6,1
DA:7,1
DA:8,1
DA:9,1
DA:10,1
DA:11,1
DA:12,1
DA:13,1
DA:14,1
DA:15,1
DA:16,1
DA:17,1
DA:18,1
DA:19,1
DA:20,1
DA:21,1
DA:22,1
DA:23,1
DA:24,1
DA:25,1
DA:26,1
DA:27,1
DA:28,1
DA:29,1
DA:30,1
DA:31,1
DA:32,1
DA:33,1
DA:34,1
DA:35,1
DA:36,1
DA:37,1
DA:38,1
DA:39,1
DA:40,1
DA:41,2
DA:42,2
DA:43,2
DA:44,2
DA:45,2
DA:46,2
DA:47,2
DA:48,2
DA:49,2
DA:50,2
DA:51,2
DA:52,2
DA:53,2
DA:54,2
DA:55,2
DA:56,2
DA:57,2
DA:58,2
DA:59,2
DA:60,2
DA:61,2
DA:62,2
DA:63,2
DA:64,2
DA:65,2
DA:66,2
DA:67,2
DA:68,2
DA:69,2
DA:70,2
DA:71,2
DA:72,2
DA:73,2
DA:74,2
DA:75,2
DA:76,2
DA:77,2
DA:78,2
DA:79,2
DA:80,2
DA:81,2
DA:82,2
DA:83,2
DA:84,2
DA:85,2
DA:86,2
DA:87,2
DA:88,2
DA:89,1
DA:90,1
DA:91,1
DA:92,4
DA:93,4
DA:94,4
DA:95,4
DA:96,4
DA:97,4
DA:98,4
DA:99,4
DA:100,4
DA:101,4
DA:102,4
DA:103,4
DA:104,4
DA:105,1
DA:106,1
DA:107,1
DA:108,3
DA:109,3
DA:110,2
DA:111,3
DA:112,3
DA:113,3
DA:114,3
DA:115,1
DA:116,1
DA:117,1
DA:118,1
DA:119,1
DA:120,1
DA:121,1
DA:122,6
DA:123,1
DA:124,1
DA:125,1
DA:126,1
DA:127,1
DA:128,1
DA:129,1
DA:130,1
DA:131,1
DA:132,1
DA:133,1
DA:134,1
DA:135,1
DA:136,1
DA:137,1
DA:138,1
DA:139,1
DA:140,1
DA:141,1
DA:142,1
DA:143,1
DA:144,1
DA:145,2
DA:146,1
DA:147,6
DA:148,1
DA:149,1
DA:150,1
DA:151,9
DA:152,9
DA:153,29
DA:154,9
DA:155,9
DA:156,2
DA:157,2
DA:158,2
DA:159,2
DA:160,2
DA:161,2
DA:162,1
DA:163,1
DA:164,1
DA:165,1
DA:166,1
DA:167,1
DA:168,1
DA:169,1
DA:170,1
DA:171,1
DA:172,1
DA:173,1
DA:174,1
DA:175,1
DA:176,1
DA:177,1
DA:178,1
DA:179,1
DA:180,1
DA:181,1
DA:182,1
DA:183,1
DA:184,1
DA:185,1
DA:186,1
DA:187,1
DA:188,1
DA:189,1
DA:190,1
DA:191,1
DA:192,1
DA:193,1
LF:193
LH:193
BRDA:22,0,0,1
BRDA:22,1,0,1
BRDA:22,2,0,3
BRDA:22,3,0,1
BRDA:36,4,0,1
BRDA:36,5,0,1
BRDA:36,6,0,3
BRDA:36,7,0,1
BRDA:40,8,0,1
BRDA:40,9,0,2
BRDA:40,10,0,14
BRDA:40,11,0,2
BRDA:54,12,0,2
BRDA:64,13,0,2
BRDA:66,14,0,2
BRDA:80,15,0,2
BRDA:82,16,0,2
BRDA:91,17,0,1
BRDA:91,18,0,4
BRDA:91,19,0,20
BRDA:91,20,0,4
BRDA:96,21,0,4
BRDA:98,22,0,4
BRDA:103,23,0,4
BRDA:107,24,0,1
BRDA:107,25,0,3
BRDA:107,26,0,20
BRDA:107,27,0,37
BRDA:107,28,0,3
BRDA:109,29,0,3
BRDA:109,30,0,5
BRDA:109,31,0,3
BRDA:109,32,0,2
BRDA:111,33,0,3
BRDA:113,34,0,3
BRDA:113,35,0,6
BRDA:113,36,0,3
BRDA:118,37,0,1
BRDA:118,38,0,1
BRDA:118,39,0,6
BRDA:118,40,0,9
BRDA:118,41,0,1
BRDA:121,42,0,1
BRDA:126,43,0,2
BRDA:126,44,0,1
BRDA:128,45,0,1
BRDA:131,46,0,1
BRDA:121,47,0,6
BRDA:122,48,0,1
BRDA:136,49,0,1
BRDA:136,50,0,1
BRDA:136,51,0,3
BRDA:136,52,0,1
BRDA:141,53,0,1
BRDA:144,54,0,1
BRDA:144,55,0,2
BRDA:144,56,0,6
BRDA:144,57,0,2
BRDA:145,58,0,1
BRDA:145,59,0,1
BRDA:147,60,0,2
BRDA:147,61,0,0
BRDA:147,62,0,2
BRDA:150,63,0,1
BRDA:150,64,0,9
BRDA:150,65,0,33
BRDA:150,66,0,53
BRDA:150,67,0,9
BRDA:152,68,0,9
BRDA:155,69,0,11
BRDA:155,70,0,9
BRDA:155,71,0,2
BRDA:157,72,0,2
BRDA:160,73,0,2
BRDA:152,74,0,29
BRDA:153,75,0,2
BRDA:165,76,0,1
BRDA:165,77,0,1
BRDA:165,78,0,6
BRDA:165,79,0,1
BRDA:167,80,0,1
BRDA:170,81,0,1
BRDA:182,82,0,1
BRDA:188,83,0,1
BRDA:191,84,0,1
BRDA:191,85,0,1
BRDA:191,86,0,2
BRDA:191,87,0,1
BRF:88
BRH:87
end_of_record
